<?xml version="1.0" encoding="UTF-8"?>
<coverage generated="1774321715849" clover="3.2.0">
  <project timestamp="1774321715849" name="All files">
    <metrics statements="242" coveredstatements="219" conditionals="143" coveredconditionals="129" methods="159" coveredmethods="127" elements="544" coveredelements="475" complexity="0" loc="242" ncloc="242" packages="3" files="13" classes="13"/>
    <package name="src">
      <metrics statements="2" coveredstatements="2" conditionals="2" coveredconditionals="2" methods="2" coveredmethods="2"/>
      <file name="App.tsx" path="D:\school\team6.github.io\src\App.tsx">
        <metrics statements="1" coveredstatements="1" conditionals="0" coveredconditionals="0" methods="1" coveredmethods="1"/>
        <line num="14" count="2" type="stmt"/>
      </file>
      <file name="jest-globals.d.ts" path="D:\school\team6.github.io\src\jest-globals.d.ts">
        <metrics statements="0" coveredstatements="0" conditionals="0" coveredconditionals="0" methods="0" coveredmethods="0"/>
      </file>
      <file name="test-utils.tsx" path="D:\school\team6.github.io\src\test-utils.tsx">
        <metrics statements="1" coveredstatements="1" conditionals="2" coveredconditionals="2" methods="1" coveredmethods="1"/>
        <line num="9" count="67" type="stmt"/>
      </file>
    </package>
    <package name="src.components">
      <metrics statements="19" coveredstatements="17" conditionals="18" coveredconditionals="13" methods="7" coveredmethods="5"/>
      <file name="DashboardLayout.tsx" path="D:\school\team6.github.io\src\components\DashboardLayout.tsx">
        <metrics statements="19" coveredstatements="17" conditionals="18" coveredconditionals="13" methods="7" coveredmethods="5"/>
        <line num="5" count="4" type="stmt"/>
        <line num="6" count="4" type="stmt"/>
        <line num="8" count="4" type="stmt"/>
        <line num="9" count="6" type="stmt"/>
        <line num="10" count="6" type="cond" truecount="2" falsecount="0"/>
        <line num="11" count="2" type="cond" truecount="1" falsecount="1"/>
        <line num="12" count="2" type="cond" truecount="1" falsecount="1"/>
        <line num="13" count="2" type="cond" truecount="1" falsecount="1"/>
        <line num="14" count="2" type="cond" truecount="1" falsecount="1"/>
        <line num="15" count="2" type="cond" truecount="1" falsecount="1"/>
        <line num="16" count="2" type="stmt"/>
        <line num="19" count="4" type="stmt"/>
        <line num="28" count="4" type="stmt"/>
        <line num="29" count="24" type="stmt"/>
        <line num="32" count="4" type="stmt"/>
        <line num="70" count="20" type="stmt"/>
        <line num="82" count="0" type="stmt"/>
        <line num="83" count="0" type="stmt"/>
        <line num="93" count="1" type="stmt"/>
      </file>
    </package>
    <package name="src.pages">
      <metrics statements="221" coveredstatements="200" conditionals="123" coveredconditionals="114" methods="150" coveredmethods="120"/>
      <file name="AccountSettingsPage.tsx" path="D:\school\team6.github.io\src\pages\AccountSettingsPage.tsx">
        <metrics statements="49" coveredstatements="41" conditionals="28" coveredconditionals="26" methods="36" coveredmethods="23"/>
        <line num="6" count="76" type="stmt"/>
        <line num="7" count="76" type="stmt"/>
        <line num="9" count="76" type="stmt"/>
        <line num="17" count="76" type="stmt"/>
        <line num="18" count="76" type="stmt"/>
        <line num="20" count="76" type="stmt"/>
        <line num="24" count="76" type="stmt"/>
        <line num="25" count="76" type="stmt"/>
        <line num="27" count="76" type="stmt"/>
        <line num="32" count="76" type="stmt"/>
        <line num="37" count="76" type="stmt"/>
        <line num="39" count="76" type="stmt"/>
        <line num="40" count="1" type="stmt"/>
        <line num="41" count="1" type="stmt"/>
        <line num="44" count="76" type="stmt"/>
        <line num="45" count="1" type="cond" truecount="1" falsecount="1"/>
        <line num="46" count="1" type="stmt"/>
        <line num="47" count="1" type="stmt"/>
        <line num="48" count="1" type="stmt"/>
        <line num="51" count="76" type="stmt"/>
        <line num="53" count="76" type="stmt"/>
        <line num="54" count="1" type="stmt"/>
        <line num="55" count="1" type="stmt"/>
        <line num="58" count="76" type="stmt"/>
        <line num="65" count="76" type="stmt"/>
        <line num="94" count="0" type="stmt"/>
        <line num="105" count="0" type="stmt"/>
        <line num="129" count="304" type="stmt"/>
        <line num="131" count="8" type="stmt"/>
        <line num="168" count="2" type="stmt"/>
        <line num="187" count="92" type="stmt"/>
        <line num="204" count="46" type="stmt"/>
        <line num="234" count="2" type="stmt"/>
        <line num="253" count="97" type="stmt"/>
        <line num="294" count="0" type="stmt"/>
        <line num="329" count="2" type="stmt"/>
        <line num="392" count="12" type="stmt"/>
        <line num="405" count="0" type="stmt"/>
        <line num="413" count="48" type="stmt"/>
        <line num="444" count="0" type="stmt"/>
        <line num="448" count="2" type="stmt"/>
        <line num="461" count="66" type="stmt"/>
        <line num="472" count="9" type="stmt"/>
        <line num="478" count="0" type="stmt"/>
        <line num="500" count="0" type="stmt"/>
        <line num="504" count="5" type="stmt"/>
        <line num="515" count="172" type="stmt"/>
        <line num="527" count="41" type="stmt"/>
        <line num="533" count="0" type="stmt"/>
      </file>
      <file name="AppointmentsPage.tsx" path="D:\school\team6.github.io\src\pages\AppointmentsPage.tsx">
        <metrics statements="30" coveredstatements="26" conditionals="21" coveredconditionals="17" methods="22" coveredmethods="17"/>
        <line num="17" count="2" type="stmt"/>
        <line num="24" count="120" type="stmt"/>
        <line num="25" count="120" type="stmt"/>
        <line num="26" count="120" type="stmt"/>
        <line num="27" count="120" type="stmt"/>
        <line num="28" count="120" type="stmt"/>
        <line num="29" count="120" type="stmt"/>
        <line num="34" count="120" type="stmt"/>
        <line num="36" count="360" type="stmt"/>
        <line num="37" count="360" type="cond" truecount="5" falsecount="0"/>
        <line num="44" count="219" type="cond" truecount="1" falsecount="1"/>
        <line num="49" count="120" type="stmt"/>
        <line num="51" count="120" type="stmt"/>
        <line num="52" count="1" type="cond" truecount="1" falsecount="1"/>
        <line num="53" count="1" type="stmt"/>
        <line num="54" count="1" type="stmt"/>
        <line num="55" count="1" type="stmt"/>
        <line num="58" count="120" type="stmt"/>
        <line num="100" count="11" type="stmt"/>
        <line num="116" count="1" type="stmt"/>
        <line num="134" count="0" type="stmt"/>
        <line num="150" count="2" type="stmt"/>
        <line num="181" count="339" type="stmt"/>
        <line num="297" count="1" type="stmt"/>
        <line num="322" count="0" type="stmt"/>
        <line num="329" count="9" type="stmt"/>
        <line num="345" count="792" type="stmt"/>
        <line num="360" count="97" type="stmt"/>
        <line num="380" count="0" type="stmt"/>
        <line num="389" count="0" type="stmt"/>
      </file>
      <file name="DashboardPage.tsx" path="D:\school\team6.github.io\src\pages\DashboardPage.tsx">
        <metrics statements="15" coveredstatements="12" conditionals="4" coveredconditionals="4" methods="10" coveredmethods="8"/>
        <line num="5" count="7" type="stmt"/>
        <line num="7" count="7" type="stmt"/>
        <line num="15" count="7" type="stmt"/>
        <line num="21" count="7" type="stmt"/>
        <line num="44" count="1" type="stmt"/>
        <line num="52" count="1" type="stmt"/>
        <line num="79" count="35" type="stmt"/>
        <line num="81" count="1" type="stmt"/>
        <line num="98" count="1" type="stmt"/>
        <line num="99" count="1" type="stmt"/>
        <line num="102" count="0" type="stmt"/>
        <line num="103" count="0" type="stmt"/>
        <line num="179" count="0" type="stmt"/>
        <line num="195" count="21" type="stmt"/>
        <line num="303" count="21" type="stmt"/>
      </file>
      <file name="EmergencyPage.tsx" path="D:\school\team6.github.io\src\pages\EmergencyPage.tsx">
        <metrics statements="38" coveredstatements="35" conditionals="30" coveredconditionals="29" methods="28" coveredmethods="22"/>
        <line num="12" count="2" type="stmt"/>
        <line num="18" count="2" type="stmt"/>
        <line num="24" count="50" type="stmt"/>
        <line num="25" count="50" type="stmt"/>
        <line num="26" count="50" type="stmt"/>
        <line num="27" count="50" type="stmt"/>
        <line num="28" count="50" type="stmt"/>
        <line num="29" count="50" type="stmt"/>
        <line num="33" count="50" type="stmt"/>
        <line num="34" count="151" type="stmt"/>
        <line num="35" count="151" type="cond" truecount="4" falsecount="0"/>
        <line num="39" count="50" type="stmt"/>
        <line num="40" count="1" type="cond" truecount="1" falsecount="1"/>
        <line num="41" count="1" type="stmt"/>
        <line num="42" count="1" type="stmt"/>
        <line num="43" count="1" type="stmt"/>
        <line num="46" count="50" type="stmt"/>
        <line num="48" count="50" type="stmt"/>
        <line num="101" count="150" type="stmt"/>
        <line num="103" count="2" type="stmt"/>
        <line num="147" count="6" type="stmt"/>
        <line num="163" count="1" type="stmt"/>
        <line num="177" count="2" type="stmt"/>
        <line num="191" count="133" type="stmt"/>
        <line num="192" count="133" type="stmt"/>
        <line num="235" count="0" type="stmt"/>
        <line num="279" count="1" type="stmt"/>
        <line num="320" count="2" type="stmt"/>
        <line num="353" count="2" type="stmt"/>
        <line num="396" count="6" type="stmt"/>
        <line num="417" count="5" type="stmt"/>
        <line num="440" count="4" type="stmt"/>
        <line num="454" count="0" type="stmt"/>
        <line num="458" count="6" type="stmt"/>
        <line num="468" count="93" type="stmt"/>
        <line num="479" count="28" type="stmt"/>
        <line num="494" count="1" type="stmt"/>
        <line num="502" count="0" type="stmt"/>
      </file>
      <file name="HealthLogPage.tsx" path="D:\school\team6.github.io\src\pages\HealthLogPage.tsx">
        <metrics statements="30" coveredstatements="28" conditionals="10" coveredconditionals="10" methods="20" coveredmethods="17"/>
        <line num="17" count="2" type="stmt"/>
        <line num="40" count="2" type="stmt"/>
        <line num="46" count="2" type="stmt"/>
        <line num="47" count="615" type="cond" truecount="2" falsecount="0"/>
        <line num="48" count="410" type="cond" truecount="2" falsecount="0"/>
        <line num="49" count="205" type="stmt"/>
        <line num="53" count="102" type="stmt"/>
        <line num="54" count="102" type="stmt"/>
        <line num="55" count="102" type="stmt"/>
        <line num="61" count="102" type="stmt"/>
        <line num="62" count="2" type="cond" truecount="2" falsecount="0"/>
        <line num="63" count="1" type="stmt"/>
        <line num="71" count="2" type="stmt"/>
        <line num="75" count="1" type="stmt"/>
        <line num="78" count="102" type="stmt"/>
        <line num="101" count="4" type="stmt"/>
        <line num="122" count="205" type="stmt"/>
        <line num="123" count="205" type="stmt"/>
        <line num="159" count="615" type="stmt"/>
        <line num="160" count="615" type="stmt"/>
        <line num="161" count="615" type="stmt"/>
        <line num="181" count="410" type="stmt"/>
        <line num="238" count="0" type="stmt"/>
        <line num="245" count="13" type="stmt"/>
        <line num="258" count="460" type="stmt"/>
        <line num="273" count="87" type="stmt"/>
        <line num="294" count="1" type="stmt"/>
        <line num="304" count="276" type="stmt"/>
        <line num="317" count="0" type="stmt"/>
        <line num="325" count="1" type="stmt"/>
      </file>
      <file name="LandingPage.tsx" path="D:\school\team6.github.io\src\pages\LandingPage.tsx">
        <metrics statements="7" coveredstatements="7" conditionals="0" coveredconditionals="0" methods="3" coveredmethods="3"/>
        <line num="5" count="6" type="stmt"/>
        <line num="14" count="6" type="stmt"/>
        <line num="23" count="6" type="stmt"/>
        <line num="97" count="36" type="stmt"/>
        <line num="126" count="36" type="stmt"/>
        <line num="127" count="36" type="stmt"/>
        <line num="135" count="36" type="stmt"/>
      </file>
      <file name="MedicationsPage.tsx" path="D:\school\team6.github.io\src\pages\MedicationsPage.tsx">
        <metrics statements="32" coveredstatements="31" conditionals="14" coveredconditionals="12" methods="22" coveredmethods="21"/>
        <line num="17" count="2" type="stmt"/>
        <line num="45" count="90" type="stmt"/>
        <line num="46" count="90" type="stmt"/>
        <line num="47" count="90" type="stmt"/>
        <line num="48" count="90" type="stmt"/>
        <line num="49" count="90" type="stmt"/>
        <line num="50" count="90" type="stmt"/>
        <line num="55" count="90" type="stmt"/>
        <line num="58" count="180" type="cond" truecount="2" falsecount="0"/>
        <line num="60" count="180" type="cond" truecount="2" falsecount="0"/>
        <line num="61" count="180" type="cond" truecount="2" falsecount="0"/>
        <line num="63" count="85" type="cond" truecount="1" falsecount="1"/>
        <line num="65" count="90" type="stmt"/>
        <line num="66" count="2" type="cond" truecount="2" falsecount="0"/>
        <line num="67" count="1" type="stmt"/>
        <line num="75" count="1" type="stmt"/>
        <line num="79" count="1" type="stmt"/>
        <line num="80" count="1" type="stmt"/>
        <line num="83" count="90" type="stmt"/>
        <line num="85" count="90" type="stmt"/>
        <line num="127" count="7" type="stmt"/>
        <line num="145" count="1" type="stmt"/>
        <line num="167" count="1" type="stmt"/>
        <line num="183" count="4" type="stmt"/>
        <line num="206" count="173" type="stmt"/>
        <line num="250" count="339" type="stmt"/>
        <line num="295" count="1" type="stmt"/>
        <line num="320" count="0" type="stmt"/>
        <line num="328" count="10" type="stmt"/>
        <line num="343" count="476" type="stmt"/>
        <line num="358" count="64" type="stmt"/>
        <line num="366" count="1" type="stmt"/>
      </file>
      <file name="MessagesPage.tsx" path="D:\school\team6.github.io\src\pages\MessagesPage.tsx">
        <metrics statements="3" coveredstatements="3" conditionals="10" coveredconditionals="10" methods="2" coveredmethods="2"/>
        <line num="18" count="7" type="stmt"/>
        <line num="45" count="7" type="stmt"/>
        <line num="127" count="14" type="stmt"/>
      </file>
      <file name="SignInPage.tsx" path="D:\school\team6.github.io\src\pages\SignInPage.tsx">
        <metrics statements="17" coveredstatements="17" conditionals="6" coveredconditionals="6" methods="7" coveredmethods="7"/>
        <line num="6" count="61" type="stmt"/>
        <line num="7" count="61" type="stmt"/>
        <line num="8" count="61" type="stmt"/>
        <line num="9" count="61" type="stmt"/>
        <line num="10" count="61" type="stmt"/>
        <line num="12" count="61" type="stmt"/>
        <line num="13" count="1" type="stmt"/>
        <line num="14" count="1" type="stmt"/>
        <line num="17" count="1" type="stmt"/>
        <line num="20" count="1" type="stmt"/>
        <line num="23" count="61" type="stmt"/>
        <line num="24" count="1" type="stmt"/>
        <line num="25" count="1" type="stmt"/>
        <line num="28" count="61" type="stmt"/>
        <line num="72" count="36" type="stmt"/>
        <line num="89" count="16" type="stmt"/>
        <line num="96" count="1" type="stmt"/>
      </file>
    </package>
  </project>
</coverage>
