{"D:\\school\\team6.github.io\\src\\App.tsx": {"path":"D:\\school\\team6.github.io\\src\\App.tsx","statementMap":{"0":{"start":{"line":14,"column":2},"end":{"line":37,"column":4}}},"fnMap":{"0":{"name":"App","decl":{"start":{"line":13,"column":24},"end":{"line":13,"column":27}},"loc":{"start":{"line":13,"column":30},"end":{"line":38,"column":1}},"line":13}},"branchMap":{},"s":{"0":2},"f":{"0":2},"b":{},"_coverageSchema":"1a1c01bbd47fc00a2c39e90264f33305004495a9","hash":"d20e648dcd42a8a2245a93e49b1c12b98366181e"}
,"D:\\school\\team6.github.io\\src\\jest-globals.d.ts": {"path":"D:\\school\\team6.github.io\\src\\jest-globals.d.ts","statementMap":{},"fnMap":{},"branchMap":{},"s":{},"f":{},"b":{}}
,"D:\\school\\team6.github.io\\src\\test-utils.tsx": {"path":"D:\\school\\team6.github.io\\src\\test-utils.tsx","statementMap":{"0":{"start":{"line":9,"column":2},"end":{"line":13,"column":3}}},"fnMap":{"0":{"name":"renderWithRouter","decl":{"start":{"line":5,"column":16},"end":{"line":5,"column":32}},"loc":{"start":{"line":8,"column":2},"end":{"line":14,"column":1}},"line":8}},"branchMap":{"0":{"loc":{"start":{"line":7,"column":2},"end":{"line":7,"column":22}},"type":"default-arg","locations":[{"start":{"line":7,"column":20},"end":{"line":7,"column":22}}],"line":7},"1":{"loc":{"start":{"line":7,"column":4},"end":{"line":7,"column":15}},"type":"default-arg","locations":[{"start":{"line":7,"column":12},"end":{"line":7,"column":15}}],"line":7}},"s":{"0":67},"f":{"0":67},"b":{"0":[67],"1":[67]},"_coverageSchema":"1a1c01bbd47fc00a2c39e90264f33305004495a9","hash":"678ae0341fb6f36d8c4316db0377fd8cce4f7a08"}
,"D:\\school\\team6.github.io\\src\\components\\DashboardLayout.tsx": {"path":"D:\\school\\team6.github.io\\src\\components\\DashboardLayout.tsx","statementMap":{"0":{"start":{"line":5,"column":19},"end":{"line":5,"column":32}},"1":{"start":{"line":6,"column":19},"end":{"line":6,"column":32}},"2":{"start":{"line":8,"column":23},"end":{"line":17,"column":3}},"3":{"start":{"line":9,"column":17},"end":{"line":9,"column":34}},"4":{"start":{"line":10,"column":4},"end":{"line":10,"column":59}},"5":{"start":{"line":10,"column":38},"end":{"line":10,"column":59}},"6":{"start":{"line":11,"column":4},"end":{"line":11,"column":61}},"7":{"start":{"line":11,"column":39},"end":{"line":11,"column":61}},"8":{"start":{"line":12,"column":4},"end":{"line":12,"column":56}},"9":{"start":{"line":12,"column":36},"end":{"line":12,"column":56}},"10":{"start":{"line":13,"column":4},"end":{"line":13,"column":53}},"11":{"start":{"line":13,"column":35},"end":{"line":13,"column":53}},"12":{"start":{"line":14,"column":4},"end":{"line":14,"column":55}},"13":{"start":{"line":14,"column":36},"end":{"line":14,"column":55}},"14":{"start":{"line":15,"column":4},"end":{"line":15,"column":69}},"15":{"start":{"line":15,"column":43},"end":{"line":15,"column":69}},"16":{"start":{"line":16,"column":4},"end":{"line":16,"column":14}},"17":{"start":{"line":19,"column":22},"end":{"line":26,"column":3}},"18":{"start":{"line":28,"column":19},"end":{"line":30,"column":3}},"19":{"start":{"line":29,"column":14},"end":{"line":29,"column":69}},"20":{"start":{"line":32,"column":2},"end":{"line":113,"column":4}},"21":{"start":{"line":70,"column":14},"end":{"line":87,"column":21}},"22":{"start":{"line":82,"column":38},"end":{"line":82,"column":82}},"23":{"start":{"line":83,"column":38},"end":{"line":83,"column":86}},"24":{"start":{"line":93,"column":27},"end":{"line":93,"column":40}}},"fnMap":{"0":{"name":"DashboardLayout","decl":{"start":{"line":4,"column":16},"end":{"line":4,"column":31}},"loc":{"start":{"line":4,"column":34},"end":{"line":114,"column":1}},"line":4},"1":{"name":"(anonymous_1)","decl":{"start":{"line":8,"column":23},"end":{"line":8,"column":24}},"loc":{"start":{"line":8,"column":29},"end":{"line":17,"column":3}},"line":8},"2":{"name":"(anonymous_2)","decl":{"start":{"line":29,"column":4},"end":{"line":29,"column":5}},"loc":{"start":{"line":29,"column":14},"end":{"line":29,"column":69}},"line":29},"3":{"name":"(anonymous_3)","decl":{"start":{"line":69,"column":26},"end":{"line":69,"column":27}},"loc":{"start":{"line":70,"column":14},"end":{"line":87,"column":21}},"line":70},"4":{"name":"(anonymous_4)","decl":{"start":{"line":82,"column":30},"end":{"line":82,"column":31}},"loc":{"start":{"line":82,"column":38},"end":{"line":82,"column":82}},"line":82},"5":{"name":"(anonymous_5)","decl":{"start":{"line":83,"column":30},"end":{"line":83,"column":31}},"loc":{"start":{"line":83,"column":38},"end":{"line":83,"column":86}},"line":83},"6":{"name":"(anonymous_6)","decl":{"start":{"line":93,"column":21},"end":{"line":93,"column":22}},"loc":{"start":{"line":93,"column":27},"end":{"line":93,"column":40}},"line":93}},"branchMap":{"0":{"loc":{"start":{"line":10,"column":4},"end":{"line":10,"column":59}},"type":"if","locations":[{"start":{"line":10,"column":4},"end":{"line":10,"column":59}},{"start":{},"end":{}}],"line":10},"1":{"loc":{"start":{"line":11,"column":4},"end":{"line":11,"column":61}},"type":"if","locations":[{"start":{"line":11,"column":4},"end":{"line":11,"column":61}},{"start":{},"end":{}}],"line":11},"2":{"loc":{"start":{"line":12,"column":4},"end":{"line":12,"column":56}},"type":"if","locations":[{"start":{"line":12,"column":4},"end":{"line":12,"column":56}},{"start":{},"end":{}}],"line":12},"3":{"loc":{"start":{"line":13,"column":4},"end":{"line":13,"column":53}},"type":"if","locations":[{"start":{"line":13,"column":4},"end":{"line":13,"column":53}},{"start":{},"end":{}}],"line":13},"4":{"loc":{"start":{"line":14,"column":4},"end":{"line":14,"column":55}},"type":"if","locations":[{"start":{"line":14,"column":4},"end":{"line":14,"column":55}},{"start":{},"end":{}}],"line":14},"5":{"loc":{"start":{"line":15,"column":4},"end":{"line":15,"column":69}},"type":"if","locations":[{"start":{"line":15,"column":4},"end":{"line":15,"column":69}},{"start":{},"end":{}}],"line":15},"6":{"loc":{"start":{"line":59,"column":15},"end":{"line":63,"column":15}},"type":"binary-expr","locations":[{"start":{"line":59,"column":15},"end":{"line":59,"column":29}},{"start":{"line":60,"column":16},"end":{"line":62,"column":20}}],"line":59},"7":{"loc":{"start":{"line":78,"column":25},"end":{"line":78,"column":57}},"type":"cond-expr","locations":[{"start":{"line":78,"column":36},"end":{"line":78,"column":45}},{"start":{"line":78,"column":48},"end":{"line":78,"column":57}}],"line":78},"8":{"loc":{"start":{"line":85,"column":38},"end":{"line":85,"column":70}},"type":"cond-expr","locations":[{"start":{"line":85,"column":49},"end":{"line":85,"column":58}},{"start":{"line":85,"column":61},"end":{"line":85,"column":70}}],"line":85}},"s":{"0":4,"1":4,"2":4,"3":6,"4":6,"5":4,"6":2,"7":0,"8":2,"9":0,"10":2,"11":0,"12":2,"13":0,"14":2,"15":0,"16":2,"17":4,"18":4,"19":24,"20":4,"21":20,"22":0,"23":0,"24":1},"f":{"0":4,"1":6,"2":24,"3":20,"4":0,"5":0,"6":1},"b":{"0":[4,2],"1":[0,2],"2":[0,2],"3":[0,2],"4":[0,2],"5":[0,2],"6":[4,2],"7":[4,16],"8":[4,16]},"_coverageSchema":"1a1c01bbd47fc00a2c39e90264f33305004495a9","hash":"b474e6dc1a437a431f3c9a989916c6533f77ee5f"}
,"D:\\school\\team6.github.io\\src\\pages\\AccountSettingsPage.tsx": {"path":"D:\\school\\team6.github.io\\src\\pages\\AccountSettingsPage.tsx","statementMap":{"0":{"start":{"line":6,"column":19},"end":{"line":6,"column":32}},"1":{"start":{"line":7,"column":36},"end":{"line":7,"column":112}},"2":{"start":{"line":9,"column":32},"end":{"line":16,"column":4}},"3":{"start":{"line":17,"column":40},"end":{"line":17,"column":64}},"4":{"start":{"line":18,"column":44},"end":{"line":18,"column":59}},"5":{"start":{"line":20,"column":40},"end":{"line":23,"column":4}},"6":{"start":{"line":24,"column":38},"end":{"line":24,"column":53}},"7":{"start":{"line":25,"column":30},"end":{"line":25,"column":90}},"8":{"start":{"line":27,"column":25},"end":{"line":30,"column":4}},"9":{"start":{"line":32,"column":34},"end":{"line":36,"column":4}},"10":{"start":{"line":37,"column":44},"end":{"line":37,"column":59}},"11":{"start":{"line":39,"column":28},"end":{"line":42,"column":3}},"12":{"start":{"line":40,"column":4},"end":{"line":40,"column":35}},"13":{"start":{"line":41,"column":4},"end":{"line":41,"column":28}},"14":{"start":{"line":44,"column":23},"end":{"line":49,"column":3}},"15":{"start":{"line":45,"column":4},"end":{"line":45,"column":29}},"16":{"start":{"line":45,"column":22},"end":{"line":45,"column":29}},"17":{"start":{"line":46,"column":4},"end":{"line":46,"column":65}},"18":{"start":{"line":46,"column":26},"end":{"line":46,"column":63}},"19":{"start":{"line":47,"column":4},"end":{"line":47,"column":66}},"20":{"start":{"line":48,"column":4},"end":{"line":48,"column":25}},"21":{"start":{"line":51,"column":26},"end":{"line":51,"column":93}},"22":{"start":{"line":51,"column":42},"end":{"line":51,"column":93}},"23":{"start":{"line":51,"column":64},"end":{"line":51,"column":92}},"24":{"start":{"line":51,"column":80},"end":{"line":51,"column":91}},"25":{"start":{"line":53,"column":29},"end":{"line":56,"column":3}},"26":{"start":{"line":54,"column":4},"end":{"line":54,"column":27}},"27":{"start":{"line":55,"column":4},"end":{"line":55,"column":52}},"28":{"start":{"line":55,"column":21},"end":{"line":55,"column":44}},"29":{"start":{"line":58,"column":15},"end":{"line":63,"column":12}},"30":{"start":{"line":65,"column":2},"end":{"line":549,"column":4}},"31":{"start":{"line":94,"column":27},"end":{"line":94,"column":49}},"32":{"start":{"line":105,"column":27},"end":{"line":105,"column":40}},"33":{"start":{"line":129,"column":12},"end":{"line":144,"column":21}},"34":{"start":{"line":131,"column":29},"end":{"line":131,"column":47}},"35":{"start":{"line":168,"column":33},"end":{"line":168,"column":64}},"36":{"start":{"line":168,"column":65},"end":{"line":168,"column":88}},"37":{"start":{"line":187,"column":16},"end":{"line":190,"column":22}},"38":{"start":{"line":204,"column":16},"end":{"line":207,"column":22}},"39":{"start":{"line":234,"column":31},"end":{"line":234,"column":50}},"40":{"start":{"line":253,"column":14},"end":{"line":304,"column":20}},"41":{"start":{"line":294,"column":33},"end":{"line":294,"column":56}},"42":{"start":{"line":329,"column":14},"end":{"line":363,"column":20}},"43":{"start":{"line":392,"column":14},"end":{"line":415,"column":20}},"44":{"start":{"line":405,"column":35},"end":{"line":405,"column":92}},"45":{"start":{"line":405,"column":55},"end":{"line":405,"column":90}},"46":{"start":{"line":413,"column":42},"end":{"line":413,"column":70}},"47":{"start":{"line":444,"column":25},"end":{"line":444,"column":48}},"48":{"start":{"line":448,"column":28},"end":{"line":448,"column":47}},"49":{"start":{"line":461,"column":14},"end":{"line":474,"column":20}},"50":{"start":{"line":472,"column":35},"end":{"line":472,"column":91}},"51":{"start":{"line":472,"column":58},"end":{"line":472,"column":89}},"52":{"start":{"line":478,"column":31},"end":{"line":478,"column":54}},"53":{"start":{"line":500,"column":25},"end":{"line":500,"column":45}},"54":{"start":{"line":504,"column":28},"end":{"line":504,"column":47}},"55":{"start":{"line":515,"column":14},"end":{"line":529,"column":20}},"56":{"start":{"line":527,"column":35},"end":{"line":527,"column":86}},"57":{"start":{"line":527,"column":53},"end":{"line":527,"column":84}},"58":{"start":{"line":533,"column":31},"end":{"line":533,"column":51}}},"fnMap":{"0":{"name":"AccountSettingsPage","decl":{"start":{"line":5,"column":24},"end":{"line":5,"column":43}},"loc":{"start":{"line":5,"column":46},"end":{"line":550,"column":1}},"line":5},"1":{"name":"(anonymous_1)","decl":{"start":{"line":39,"column":28},"end":{"line":39,"column":29}},"loc":{"start":{"line":39,"column":34},"end":{"line":42,"column":3}},"line":39},"2":{"name":"(anonymous_2)","decl":{"start":{"line":44,"column":23},"end":{"line":44,"column":24}},"loc":{"start":{"line":44,"column":29},"end":{"line":49,"column":3}},"line":44},"3":{"name":"(anonymous_3)","decl":{"start":{"line":46,"column":19},"end":{"line":46,"column":20}},"loc":{"start":{"line":46,"column":26},"end":{"line":46,"column":63}},"line":46},"4":{"name":"(anonymous_4)","decl":{"start":{"line":51,"column":26},"end":{"line":51,"column":27}},"loc":{"start":{"line":51,"column":42},"end":{"line":51,"column":93}},"line":51},"5":{"name":"(anonymous_5)","decl":{"start":{"line":51,"column":57},"end":{"line":51,"column":58}},"loc":{"start":{"line":51,"column":64},"end":{"line":51,"column":92}},"line":51},"6":{"name":"(anonymous_6)","decl":{"start":{"line":51,"column":73},"end":{"line":51,"column":74}},"loc":{"start":{"line":51,"column":80},"end":{"line":51,"column":91}},"line":51},"7":{"name":"(anonymous_7)","decl":{"start":{"line":53,"column":29},"end":{"line":53,"column":30}},"loc":{"start":{"line":53,"column":35},"end":{"line":56,"column":3}},"line":53},"8":{"name":"(anonymous_8)","decl":{"start":{"line":55,"column":15},"end":{"line":55,"column":16}},"loc":{"start":{"line":55,"column":21},"end":{"line":55,"column":44}},"line":55},"9":{"name":"(anonymous_9)","decl":{"start":{"line":94,"column":21},"end":{"line":94,"column":22}},"loc":{"start":{"line":94,"column":27},"end":{"line":94,"column":49}},"line":94},"10":{"name":"(anonymous_10)","decl":{"start":{"line":105,"column":21},"end":{"line":105,"column":22}},"loc":{"start":{"line":105,"column":27},"end":{"line":105,"column":40}},"line":105},"11":{"name":"(anonymous_11)","decl":{"start":{"line":128,"column":20},"end":{"line":128,"column":21}},"loc":{"start":{"line":129,"column":12},"end":{"line":144,"column":21}},"line":129},"12":{"name":"(anonymous_12)","decl":{"start":{"line":131,"column":23},"end":{"line":131,"column":24}},"loc":{"start":{"line":131,"column":29},"end":{"line":131,"column":47}},"line":131},"13":{"name":"(anonymous_13)","decl":{"start":{"line":168,"column":25},"end":{"line":168,"column":26}},"loc":{"start":{"line":168,"column":31},"end":{"line":168,"column":90}},"line":168},"14":{"name":"(anonymous_14)","decl":{"start":{"line":186,"column":20},"end":{"line":186,"column":21}},"loc":{"start":{"line":187,"column":16},"end":{"line":190,"column":22}},"line":187},"15":{"name":"(anonymous_15)","decl":{"start":{"line":203,"column":20},"end":{"line":203,"column":21}},"loc":{"start":{"line":204,"column":16},"end":{"line":207,"column":22}},"line":204},"16":{"name":"(anonymous_16)","decl":{"start":{"line":234,"column":25},"end":{"line":234,"column":26}},"loc":{"start":{"line":234,"column":31},"end":{"line":234,"column":50}},"line":234},"17":{"name":"(anonymous_17)","decl":{"start":{"line":252,"column":29},"end":{"line":252,"column":30}},"loc":{"start":{"line":253,"column":14},"end":{"line":304,"column":20}},"line":253},"18":{"name":"(anonymous_18)","decl":{"start":{"line":294,"column":27},"end":{"line":294,"column":28}},"loc":{"start":{"line":294,"column":33},"end":{"line":294,"column":56}},"line":294},"19":{"name":"(anonymous_19)","decl":{"start":{"line":328,"column":30},"end":{"line":328,"column":31}},"loc":{"start":{"line":329,"column":14},"end":{"line":363,"column":20}},"line":329},"20":{"name":"(anonymous_20)","decl":{"start":{"line":391,"column":18},"end":{"line":391,"column":19}},"loc":{"start":{"line":392,"column":14},"end":{"line":415,"column":20}},"line":392},"21":{"name":"(anonymous_21)","decl":{"start":{"line":405,"column":28},"end":{"line":405,"column":29}},"loc":{"start":{"line":405,"column":35},"end":{"line":405,"column":92}},"line":405},"22":{"name":"(anonymous_22)","decl":{"start":{"line":405,"column":47},"end":{"line":405,"column":48}},"loc":{"start":{"line":405,"column":55},"end":{"line":405,"column":90}},"line":405},"23":{"name":"(anonymous_23)","decl":{"start":{"line":413,"column":35},"end":{"line":413,"column":36}},"loc":{"start":{"line":413,"column":42},"end":{"line":413,"column":70}},"line":413},"24":{"name":"(anonymous_24)","decl":{"start":{"line":444,"column":19},"end":{"line":444,"column":20}},"loc":{"start":{"line":444,"column":25},"end":{"line":444,"column":48}},"line":444},"25":{"name":"(anonymous_25)","decl":{"start":{"line":448,"column":21},"end":{"line":448,"column":22}},"loc":{"start":{"line":448,"column":28},"end":{"line":448,"column":47}},"line":448},"26":{"name":"(anonymous_26)","decl":{"start":{"line":460,"column":59},"end":{"line":460,"column":60}},"loc":{"start":{"line":461,"column":14},"end":{"line":474,"column":20}},"line":461},"27":{"name":"(anonymous_27)","decl":{"start":{"line":472,"column":28},"end":{"line":472,"column":29}},"loc":{"start":{"line":472,"column":35},"end":{"line":472,"column":91}},"line":472},"28":{"name":"(anonymous_28)","decl":{"start":{"line":472,"column":50},"end":{"line":472,"column":51}},"loc":{"start":{"line":472,"column":58},"end":{"line":472,"column":89}},"line":472},"29":{"name":"(anonymous_29)","decl":{"start":{"line":478,"column":25},"end":{"line":478,"column":26}},"loc":{"start":{"line":478,"column":31},"end":{"line":478,"column":54}},"line":478},"30":{"name":"(anonymous_30)","decl":{"start":{"line":500,"column":19},"end":{"line":500,"column":20}},"loc":{"start":{"line":500,"column":25},"end":{"line":500,"column":45}},"line":500},"31":{"name":"(anonymous_31)","decl":{"start":{"line":504,"column":21},"end":{"line":504,"column":22}},"loc":{"start":{"line":504,"column":28},"end":{"line":504,"column":47}},"line":504},"32":{"name":"(anonymous_32)","decl":{"start":{"line":514,"column":54},"end":{"line":514,"column":55}},"loc":{"start":{"line":515,"column":14},"end":{"line":529,"column":20}},"line":515},"33":{"name":"(anonymous_33)","decl":{"start":{"line":527,"column":28},"end":{"line":527,"column":29}},"loc":{"start":{"line":527,"column":35},"end":{"line":527,"column":86}},"line":527},"34":{"name":"(anonymous_34)","decl":{"start":{"line":527,"column":45},"end":{"line":527,"column":46}},"loc":{"start":{"line":527,"column":53},"end":{"line":527,"column":84}},"line":527},"35":{"name":"(anonymous_35)","decl":{"start":{"line":533,"column":25},"end":{"line":533,"column":26}},"loc":{"start":{"line":533,"column":31},"end":{"line":533,"column":51}},"line":533}},"branchMap":{"0":{"loc":{"start":{"line":45,"column":4},"end":{"line":45,"column":29}},"type":"if","locations":[{"start":{"line":45,"column":4},"end":{"line":45,"column":29}},{"start":{},"end":{}}],"line":45},"1":{"loc":{"start":{"line":137,"column":28},"end":{"line":137,"column":58}},"type":"cond-expr","locations":[{"start":{"line":137,"column":49},"end":{"line":137,"column":52}},{"start":{"line":137,"column":55},"end":{"line":137,"column":58}}],"line":137},"2":{"loc":{"start":{"line":138,"column":23},"end":{"line":138,"column":65}},"type":"cond-expr","locations":[{"start":{"line":138,"column":44},"end":{"line":138,"column":53}},{"start":{"line":138,"column":56},"end":{"line":138,"column":65}}],"line":138},"3":{"loc":{"start":{"line":139,"column":28},"end":{"line":139,"column":74}},"type":"cond-expr","locations":[{"start":{"line":139,"column":49},"end":{"line":139,"column":58}},{"start":{"line":139,"column":61},"end":{"line":139,"column":74}}],"line":139},"4":{"loc":{"start":{"line":155,"column":9},"end":{"line":211,"column":9}},"type":"binary-expr","locations":[{"start":{"line":155,"column":9},"end":{"line":155,"column":32}},{"start":{"line":156,"column":10},"end":{"line":210,"column":16}}],"line":155},"5":{"loc":{"start":{"line":221,"column":9},"end":{"line":307,"column":9}},"type":"binary-expr","locations":[{"start":{"line":221,"column":9},"end":{"line":221,"column":36}},{"start":{"line":222,"column":10},"end":{"line":306,"column":16}}],"line":221},"6":{"loc":{"start":{"line":246,"column":13},"end":{"line":250,"column":13}},"type":"binary-expr","locations":[{"start":{"line":246,"column":13},"end":{"line":246,"column":37}},{"start":{"line":247,"column":14},"end":{"line":249,"column":18}}],"line":246},"7":{"loc":{"start":{"line":316,"column":9},"end":{"line":366,"column":9}},"type":"binary-expr","locations":[{"start":{"line":316,"column":9},"end":{"line":316,"column":37}},{"start":{"line":317,"column":10},"end":{"line":365,"column":16}}],"line":316},"8":{"loc":{"start":{"line":375,"column":9},"end":{"line":435,"column":9}},"type":"binary-expr","locations":[{"start":{"line":375,"column":9},"end":{"line":375,"column":33}},{"start":{"line":376,"column":10},"end":{"line":434,"column":16}}],"line":375},"9":{"loc":{"start":{"line":397,"column":32},"end":{"line":397,"column":81}},"type":"cond-expr","locations":[{"start":{"line":397,"column":53},"end":{"line":397,"column":72}},{"start":{"line":397,"column":75},"end":{"line":397,"column":81}}],"line":397},"10":{"loc":{"start":{"line":424,"column":30},"end":{"line":424,"column":67}},"type":"cond-expr","locations":[{"start":{"line":424,"column":46},"end":{"line":424,"column":55}},{"start":{"line":424,"column":58},"end":{"line":424,"column":67}}],"line":424},"11":{"loc":{"start":{"line":431,"column":17},"end":{"line":431,"column":68}},"type":"cond-expr","locations":[{"start":{"line":431,"column":33},"end":{"line":431,"column":50}},{"start":{"line":431,"column":53},"end":{"line":431,"column":68}}],"line":431},"12":{"loc":{"start":{"line":441,"column":7},"end":{"line":492,"column":7}},"type":"binary-expr","locations":[{"start":{"line":441,"column":7},"end":{"line":441,"column":20}},{"start":{"line":442,"column":8},"end":{"line":491,"column":14}}],"line":441},"13":{"loc":{"start":{"line":497,"column":7},"end":{"line":547,"column":7}},"type":"binary-expr","locations":[{"start":{"line":497,"column":7},"end":{"line":497,"column":17}},{"start":{"line":498,"column":8},"end":{"line":546,"column":14}}],"line":497}},"s":{"0":76,"1":76,"2":76,"3":76,"4":76,"5":76,"6":76,"7":76,"8":76,"9":76,"10":76,"11":76,"12":1,"13":1,"14":76,"15":1,"16":0,"17":1,"18":1,"19":1,"20":1,"21":76,"22":0,"23":0,"24":0,"25":76,"26":1,"27":1,"28":0,"29":76,"30":76,"31":0,"32":0,"33":304,"34":8,"35":2,"36":2,"37":92,"38":46,"39":2,"40":97,"41":0,"42":2,"43":12,"44":0,"45":0,"46":48,"47":0,"48":2,"49":66,"50":9,"51":9,"52":0,"53":0,"54":5,"55":172,"56":41,"57":41,"58":0},"f":{"0":76,"1":1,"2":1,"3":1,"4":0,"5":0,"6":0,"7":1,"8":0,"9":0,"10":0,"11":304,"12":8,"13":2,"14":92,"15":46,"16":2,"17":97,"18":0,"19":2,"20":12,"21":0,"22":0,"23":48,"24":0,"25":2,"26":66,"27":9,"28":9,"29":0,"30":0,"31":5,"32":172,"33":41,"34":41,"35":0},"b":{"0":[0,1],"1":[76,228],"2":[76,228],"3":[76,228],"4":[76,23],"5":[76,48],"6":[48,0],"7":[76,1],"8":[76,4],"9":[8,4],"10":[1,3],"11":[1,3],"12":[76,11],"13":[76,43]},"_coverageSchema":"1a1c01bbd47fc00a2c39e90264f33305004495a9","hash":"f7567f3b7877de496da5ed06a96b07d8890cef8c"}
,"D:\\school\\team6.github.io\\src\\pages\\AppointmentsPage.tsx": {"path":"D:\\school\\team6.github.io\\src\\pages\\AppointmentsPage.tsx","statementMap":{"0":{"start":{"line":17,"column":31},"end":{"line":21,"column":1}},"1":{"start":{"line":24,"column":42},"end":{"line":24,"column":74}},"2":{"start":{"line":25,"column":30},"end":{"line":25,"column":42}},"3":{"start":{"line":26,"column":30},"end":{"line":26,"column":58}},"4":{"start":{"line":27,"column":26},"end":{"line":27,"column":42}},"5":{"start":{"line":28,"column":36},"end":{"line":28,"column":51}},"6":{"start":{"line":29,"column":32},"end":{"line":32,"column":4}},"7":{"start":{"line":34,"column":19},"end":{"line":47,"column":5}},"8":{"start":{"line":36,"column":16},"end":{"line":36,"column":36}},"9":{"start":{"line":37,"column":6},"end":{"line":41,"column":66}},"10":{"start":{"line":44,"column":6},"end":{"line":46,"column":61}},"11":{"start":{"line":49,"column":23},"end":{"line":49,"column":91}},"12":{"start":{"line":49,"column":39},"end":{"line":49,"column":91}},"13":{"start":{"line":49,"column":62},"end":{"line":49,"column":90}},"14":{"start":{"line":49,"column":78},"end":{"line":49,"column":89}},"15":{"start":{"line":51,"column":20},"end":{"line":56,"column":3}},"16":{"start":{"line":52,"column":4},"end":{"line":52,"column":31}},"17":{"start":{"line":52,"column":24},"end":{"line":52,"column":31}},"18":{"start":{"line":53,"column":4},"end":{"line":53,"column":67}},"19":{"start":{"line":53,"column":27},"end":{"line":53,"column":65}},"20":{"start":{"line":54,"column":4},"end":{"line":54,"column":135}},"21":{"start":{"line":55,"column":4},"end":{"line":55,"column":24}},"22":{"start":{"line":58,"column":2},"end":{"line":413,"column":4}},"23":{"start":{"line":100,"column":33},"end":{"line":100,"column":58}},"24":{"start":{"line":116,"column":31},"end":{"line":116,"column":56}},"25":{"start":{"line":134,"column":31},"end":{"line":134,"column":54}},"26":{"start":{"line":150,"column":25},"end":{"line":150,"column":43}},"27":{"start":{"line":181,"column":10},"end":{"line":309,"column":16}},"28":{"start":{"line":297,"column":31},"end":{"line":297,"column":51}},"29":{"start":{"line":322,"column":25},"end":{"line":322,"column":44}},"30":{"start":{"line":329,"column":28},"end":{"line":329,"column":47}},"31":{"start":{"line":345,"column":14},"end":{"line":363,"column":20}},"32":{"start":{"line":360,"column":35},"end":{"line":360,"column":87}},"33":{"start":{"line":360,"column":54},"end":{"line":360,"column":85}},"34":{"start":{"line":380,"column":33},"end":{"line":380,"column":109}},"35":{"start":{"line":380,"column":52},"end":{"line":380,"column":107}},"36":{"start":{"line":389,"column":31},"end":{"line":389,"column":50}}},"fnMap":{"0":{"name":"AppointmentsPage","decl":{"start":{"line":23,"column":16},"end":{"line":23,"column":32}},"loc":{"start":{"line":23,"column":35},"end":{"line":414,"column":1}},"line":23},"1":{"name":"(anonymous_1)","decl":{"start":{"line":35,"column":12},"end":{"line":35,"column":13}},"loc":{"start":{"line":35,"column":19},"end":{"line":42,"column":5}},"line":35},"2":{"name":"(anonymous_2)","decl":{"start":{"line":43,"column":10},"end":{"line":43,"column":11}},"loc":{"start":{"line":44,"column":6},"end":{"line":46,"column":61}},"line":44},"3":{"name":"(anonymous_3)","decl":{"start":{"line":49,"column":23},"end":{"line":49,"column":24}},"loc":{"start":{"line":49,"column":39},"end":{"line":49,"column":91}},"line":49},"4":{"name":"(anonymous_4)","decl":{"start":{"line":49,"column":55},"end":{"line":49,"column":56}},"loc":{"start":{"line":49,"column":62},"end":{"line":49,"column":90}},"line":49},"5":{"name":"(anonymous_5)","decl":{"start":{"line":49,"column":71},"end":{"line":49,"column":72}},"loc":{"start":{"line":49,"column":78},"end":{"line":49,"column":89}},"line":49},"6":{"name":"(anonymous_6)","decl":{"start":{"line":51,"column":20},"end":{"line":51,"column":21}},"loc":{"start":{"line":51,"column":26},"end":{"line":56,"column":3}},"line":51},"7":{"name":"(anonymous_7)","decl":{"start":{"line":53,"column":20},"end":{"line":53,"column":21}},"loc":{"start":{"line":53,"column":27},"end":{"line":53,"column":65}},"line":53},"8":{"name":"(anonymous_8)","decl":{"start":{"line":100,"column":26},"end":{"line":100,"column":27}},"loc":{"start":{"line":100,"column":33},"end":{"line":100,"column":58}},"line":100},"9":{"name":"(anonymous_9)","decl":{"start":{"line":116,"column":24},"end":{"line":116,"column":25}},"loc":{"start":{"line":116,"column":31},"end":{"line":116,"column":56}},"line":116},"10":{"name":"(anonymous_10)","decl":{"start":{"line":134,"column":24},"end":{"line":134,"column":25}},"loc":{"start":{"line":134,"column":31},"end":{"line":134,"column":54}},"line":134},"11":{"name":"(anonymous_11)","decl":{"start":{"line":150,"column":19},"end":{"line":150,"column":20}},"loc":{"start":{"line":150,"column":25},"end":{"line":150,"column":43}},"line":150},"12":{"name":"(anonymous_12)","decl":{"start":{"line":180,"column":22},"end":{"line":180,"column":23}},"loc":{"start":{"line":181,"column":10},"end":{"line":309,"column":16}},"line":181},"13":{"name":"(anonymous_13)","decl":{"start":{"line":297,"column":25},"end":{"line":297,"column":26}},"loc":{"start":{"line":297,"column":31},"end":{"line":297,"column":51}},"line":297},"14":{"name":"(anonymous_14)","decl":{"start":{"line":322,"column":19},"end":{"line":322,"column":20}},"loc":{"start":{"line":322,"column":25},"end":{"line":322,"column":44}},"line":322},"15":{"name":"(anonymous_15)","decl":{"start":{"line":329,"column":21},"end":{"line":329,"column":22}},"loc":{"start":{"line":329,"column":28},"end":{"line":329,"column":47}},"line":329},"16":{"name":"(anonymous_16)","decl":{"start":{"line":344,"column":55},"end":{"line":344,"column":56}},"loc":{"start":{"line":345,"column":14},"end":{"line":363,"column":20}},"line":345},"17":{"name":"(anonymous_17)","decl":{"start":{"line":360,"column":28},"end":{"line":360,"column":29}},"loc":{"start":{"line":360,"column":35},"end":{"line":360,"column":87}},"line":360},"18":{"name":"(anonymous_18)","decl":{"start":{"line":360,"column":46},"end":{"line":360,"column":47}},"loc":{"start":{"line":360,"column":54},"end":{"line":360,"column":85}},"line":360},"19":{"name":"(anonymous_19)","decl":{"start":{"line":380,"column":26},"end":{"line":380,"column":27}},"loc":{"start":{"line":380,"column":33},"end":{"line":380,"column":109}},"line":380},"20":{"name":"(anonymous_20)","decl":{"start":{"line":380,"column":44},"end":{"line":380,"column":45}},"loc":{"start":{"line":380,"column":52},"end":{"line":380,"column":107}},"line":380},"21":{"name":"(anonymous_21)","decl":{"start":{"line":389,"column":25},"end":{"line":389,"column":26}},"loc":{"start":{"line":389,"column":31},"end":{"line":389,"column":50}},"line":389}},"branchMap":{"0":{"loc":{"start":{"line":37,"column":13},"end":{"line":41,"column":65}},"type":"binary-expr","locations":[{"start":{"line":38,"column":8},"end":{"line":38,"column":41}},{"start":{"line":39,"column":8},"end":{"line":39,"column":42}},{"start":{"line":40,"column":8},"end":{"line":40,"column":45}},{"start":{"line":41,"column":12},"end":{"line":41,"column":41}},{"start":{"line":41,"column":45},"end":{"line":41,"column":64}}],"line":37},"1":{"loc":{"start":{"line":44,"column":6},"end":{"line":46,"column":61}},"type":"cond-expr","locations":[{"start":{"line":44,"column":26},"end":{"line":44,"column":58}},{"start":{"line":45,"column":6},"end":{"line":46,"column":61}}],"line":44},"2":{"loc":{"start":{"line":45,"column":6},"end":{"line":46,"column":61}},"type":"cond-expr","locations":[{"start":{"line":45,"column":26},"end":{"line":45,"column":56}},{"start":{"line":46,"column":6},"end":{"line":46,"column":61}}],"line":45},"3":{"loc":{"start":{"line":52,"column":4},"end":{"line":52,"column":31}},"type":"if","locations":[{"start":{"line":52,"column":4},"end":{"line":52,"column":31}},{"start":{},"end":{}}],"line":52},"4":{"loc":{"start":{"line":174,"column":9},"end":{"line":178,"column":9}},"type":"binary-expr","locations":[{"start":{"line":174,"column":9},"end":{"line":174,"column":30}},{"start":{"line":175,"column":10},"end":{"line":177,"column":14}}],"line":174},"5":{"loc":{"start":{"line":182,"column":24},"end":{"line":182,"column":73}},"type":"cond-expr","locations":[{"start":{"line":182,"column":52},"end":{"line":182,"column":61}},{"start":{"line":182,"column":64},"end":{"line":182,"column":73}}],"line":182},"6":{"loc":{"start":{"line":183,"column":33},"end":{"line":183,"column":82}},"type":"cond-expr","locations":[{"start":{"line":183,"column":61},"end":{"line":183,"column":70}},{"start":{"line":183,"column":73},"end":{"line":183,"column":82}}],"line":183},"7":{"loc":{"start":{"line":194,"column":30},"end":{"line":194,"column":79}},"type":"cond-expr","locations":[{"start":{"line":194,"column":58},"end":{"line":194,"column":67}},{"start":{"line":194,"column":70},"end":{"line":194,"column":79}}],"line":194},"8":{"loc":{"start":{"line":316,"column":7},"end":{"line":411,"column":7}},"type":"binary-expr","locations":[{"start":{"line":316,"column":7},"end":{"line":316,"column":16}},{"start":{"line":317,"column":8},"end":{"line":410,"column":14}}],"line":316}},"s":{"0":2,"1":120,"2":120,"3":120,"4":120,"5":120,"6":120,"7":120,"8":360,"9":360,"10":219,"11":120,"12":1,"13":1,"14":3,"15":120,"16":1,"17":0,"18":1,"19":1,"20":1,"21":1,"22":120,"23":11,"24":1,"25":0,"26":2,"27":339,"28":1,"29":0,"30":9,"31":792,"32":97,"33":97,"34":0,"35":0,"36":0},"f":{"0":120,"1":360,"2":219,"3":1,"4":1,"5":3,"6":1,"7":1,"8":11,"9":1,"10":0,"11":2,"12":339,"13":1,"14":0,"15":9,"16":792,"17":97,"18":97,"19":0,"20":0,"21":0},"b":{"0":[360,19,19,341,3],"1":[0,219],"2":[0,219],"3":[0,1],"4":[120,0],"5":[229,110],"6":[229,110],"7":[229,110],"8":[120,99]},"_coverageSchema":"1a1c01bbd47fc00a2c39e90264f33305004495a9","hash":"c4be2e63b7e26d2d72cce8f63a18f5c7c02b23df"}
,"D:\\school\\team6.github.io\\src\\pages\\DashboardPage.tsx": {"path":"D:\\school\\team6.github.io\\src\\pages\\DashboardPage.tsx","statementMap":{"0":{"start":{"line":5,"column":19},"end":{"line":5,"column":32}},"1":{"start":{"line":7,"column":23},"end":{"line":13,"column":3}},"2":{"start":{"line":15,"column":19},"end":{"line":19,"column":3}},"3":{"start":{"line":21,"column":2},"end":{"line":329,"column":4}},"4":{"start":{"line":44,"column":33},"end":{"line":44,"column":62}},"5":{"start":{"line":52,"column":33},"end":{"line":52,"column":46}},"6":{"start":{"line":79,"column":12},"end":{"line":142,"column":21}},"7":{"start":{"line":81,"column":29},"end":{"line":81,"column":45}},"8":{"start":{"line":98,"column":16},"end":{"line":98,"column":69}},"9":{"start":{"line":99,"column":16},"end":{"line":99,"column":79}},"10":{"start":{"line":102,"column":16},"end":{"line":102,"column":66}},"11":{"start":{"line":103,"column":16},"end":{"line":103,"column":57}},"12":{"start":{"line":179,"column":33},"end":{"line":179,"column":54}},"13":{"start":{"line":195,"column":12},"end":{"line":225,"column":18}},"14":{"start":{"line":303,"column":12},"end":{"line":323,"column":18}}},"fnMap":{"0":{"name":"DashboardPage","decl":{"start":{"line":4,"column":24},"end":{"line":4,"column":37}},"loc":{"start":{"line":4,"column":40},"end":{"line":330,"column":1}},"line":4},"1":{"name":"(anonymous_1)","decl":{"start":{"line":44,"column":27},"end":{"line":44,"column":28}},"loc":{"start":{"line":44,"column":33},"end":{"line":44,"column":62}},"line":44},"2":{"name":"(anonymous_2)","decl":{"start":{"line":52,"column":27},"end":{"line":52,"column":28}},"loc":{"start":{"line":52,"column":33},"end":{"line":52,"column":46}},"line":52},"3":{"name":"(anonymous_3)","decl":{"start":{"line":78,"column":28},"end":{"line":78,"column":29}},"loc":{"start":{"line":79,"column":12},"end":{"line":142,"column":21}},"line":79},"4":{"name":"(anonymous_4)","decl":{"start":{"line":81,"column":23},"end":{"line":81,"column":24}},"loc":{"start":{"line":81,"column":29},"end":{"line":81,"column":45}},"line":81},"5":{"name":"(anonymous_5)","decl":{"start":{"line":97,"column":28},"end":{"line":97,"column":29}},"loc":{"start":{"line":97,"column":35},"end":{"line":100,"column":15}},"line":97},"6":{"name":"(anonymous_6)","decl":{"start":{"line":101,"column":28},"end":{"line":101,"column":29}},"loc":{"start":{"line":101,"column":35},"end":{"line":104,"column":15}},"line":101},"7":{"name":"(anonymous_7)","decl":{"start":{"line":179,"column":27},"end":{"line":179,"column":28}},"loc":{"start":{"line":179,"column":33},"end":{"line":179,"column":54}},"line":179},"8":{"name":"(anonymous_8)","decl":{"start":{"line":194,"column":24},"end":{"line":194,"column":25}},"loc":{"start":{"line":195,"column":12},"end":{"line":225,"column":18}},"line":195},"9":{"name":"(anonymous_9)","decl":{"start":{"line":302,"column":16},"end":{"line":302,"column":17}},"loc":{"start":{"line":303,"column":12},"end":{"line":323,"column":18}},"line":303}},"branchMap":{"0":{"loc":{"start":{"line":107,"column":15},"end":{"line":115,"column":15}},"type":"binary-expr","locations":[{"start":{"line":107,"column":15},"end":{"line":107,"column":22}},{"start":{"line":108,"column":16},"end":{"line":114,"column":35}}],"line":107},"1":{"loc":{"start":{"line":205,"column":17},"end":{"line":206,"column":34}},"type":"cond-expr","locations":[{"start":{"line":205,"column":52},"end":{"line":205,"column":74}},{"start":{"line":206,"column":16},"end":{"line":206,"column":34}}],"line":205}},"s":{"0":7,"1":7,"2":7,"3":7,"4":1,"5":1,"6":35,"7":1,"8":1,"9":1,"10":0,"11":0,"12":0,"13":21,"14":21},"f":{"0":7,"1":1,"2":1,"3":35,"4":1,"5":1,"6":0,"7":0,"8":21,"9":21},"b":{"0":[35,7],"1":[7,14]},"_coverageSchema":"1a1c01bbd47fc00a2c39e90264f33305004495a9","hash":"4a3d6bfff55c00c48e9a4ef8f580440a4fd63b45"}
,"D:\\school\\team6.github.io\\src\\pages\\EmergencyPage.tsx": {"path":"D:\\school\\team6.github.io\\src\\pages\\EmergencyPage.tsx","statementMap":{"0":{"start":{"line":12,"column":36},"end":{"line":16,"column":1}},"1":{"start":{"line":18,"column":22},"end":{"line":21,"column":1}},"2":{"start":{"line":24,"column":34},"end":{"line":24,"column":71}},"3":{"start":{"line":25,"column":36},"end":{"line":25,"column":99}},"4":{"start":{"line":26,"column":30},"end":{"line":26,"column":42}},"5":{"start":{"line":27,"column":30},"end":{"line":27,"column":56}},"6":{"start":{"line":28,"column":36},"end":{"line":28,"column":51}},"7":{"start":{"line":29,"column":38},"end":{"line":31,"column":4}},"8":{"start":{"line":33,"column":19},"end":{"line":37,"column":4}},"9":{"start":{"line":34,"column":14},"end":{"line":34,"column":34}},"10":{"start":{"line":35,"column":4},"end":{"line":36,"column":61}},"11":{"start":{"line":39,"column":20},"end":{"line":44,"column":3}},"12":{"start":{"line":40,"column":4},"end":{"line":40,"column":33}},"13":{"start":{"line":40,"column":26},"end":{"line":40,"column":33}},"14":{"start":{"line":41,"column":4},"end":{"line":41,"column":66}},"15":{"start":{"line":41,"column":23},"end":{"line":41,"column":64}},"16":{"start":{"line":42,"column":4},"end":{"line":42,"column":82}},"17":{"start":{"line":43,"column":4},"end":{"line":43,"column":24}},"18":{"start":{"line":46,"column":23},"end":{"line":46,"column":87}},"19":{"start":{"line":46,"column":39},"end":{"line":46,"column":87}},"20":{"start":{"line":46,"column":58},"end":{"line":46,"column":86}},"21":{"start":{"line":46,"column":74},"end":{"line":46,"column":85}},"22":{"start":{"line":48,"column":2},"end":{"line":518,"column":4}},"23":{"start":{"line":101,"column":12},"end":{"line":119,"column":21}},"24":{"start":{"line":103,"column":29},"end":{"line":103,"column":46}},"25":{"start":{"line":147,"column":39},"end":{"line":147,"column":64}},"26":{"start":{"line":163,"column":37},"end":{"line":163,"column":62}},"27":{"start":{"line":177,"column":31},"end":{"line":177,"column":49}},"28":{"start":{"line":191,"column":27},"end":{"line":191,"column":52}},"29":{"start":{"line":192,"column":16},"end":{"line":247,"column":18}},"30":{"start":{"line":235,"column":39},"end":{"line":235,"column":57}},"31":{"start":{"line":279,"column":18},"end":{"line":284,"column":24}},"32":{"start":{"line":320,"column":18},"end":{"line":334,"column":24}},"33":{"start":{"line":353,"column":18},"end":{"line":358,"column":24}},"34":{"start":{"line":396,"column":18},"end":{"line":396,"column":101}},"35":{"start":{"line":417,"column":18},"end":{"line":417,"column":101}},"36":{"start":{"line":440,"column":18},"end":{"line":440,"column":101}},"37":{"start":{"line":454,"column":25},"end":{"line":454,"column":44}},"38":{"start":{"line":458,"column":28},"end":{"line":458,"column":47}},"39":{"start":{"line":468,"column":14},"end":{"line":482,"column":20}},"40":{"start":{"line":479,"column":35},"end":{"line":479,"column":90}},"41":{"start":{"line":479,"column":57},"end":{"line":479,"column":88}},"42":{"start":{"line":494,"column":33},"end":{"line":494,"column":118}},"43":{"start":{"line":494,"column":55},"end":{"line":494,"column":116}},"44":{"start":{"line":502,"column":31},"end":{"line":502,"column":50}}},"fnMap":{"0":{"name":"EmergencyPage","decl":{"start":{"line":23,"column":24},"end":{"line":23,"column":37}},"loc":{"start":{"line":23,"column":40},"end":{"line":519,"column":1}},"line":23},"1":{"name":"(anonymous_1)","decl":{"start":{"line":33,"column":35},"end":{"line":33,"column":36}},"loc":{"start":{"line":33,"column":42},"end":{"line":37,"column":3}},"line":33},"2":{"name":"(anonymous_2)","decl":{"start":{"line":39,"column":20},"end":{"line":39,"column":21}},"loc":{"start":{"line":39,"column":26},"end":{"line":44,"column":3}},"line":39},"3":{"name":"(anonymous_3)","decl":{"start":{"line":41,"column":16},"end":{"line":41,"column":17}},"loc":{"start":{"line":41,"column":23},"end":{"line":41,"column":64}},"line":41},"4":{"name":"(anonymous_4)","decl":{"start":{"line":46,"column":23},"end":{"line":46,"column":24}},"loc":{"start":{"line":46,"column":39},"end":{"line":46,"column":87}},"line":46},"5":{"name":"(anonymous_5)","decl":{"start":{"line":46,"column":51},"end":{"line":46,"column":52}},"loc":{"start":{"line":46,"column":58},"end":{"line":46,"column":86}},"line":46},"6":{"name":"(anonymous_6)","decl":{"start":{"line":46,"column":67},"end":{"line":46,"column":68}},"loc":{"start":{"line":46,"column":74},"end":{"line":46,"column":85}},"line":46},"7":{"name":"(anonymous_7)","decl":{"start":{"line":100,"column":68},"end":{"line":100,"column":69}},"loc":{"start":{"line":101,"column":12},"end":{"line":119,"column":21}},"line":101},"8":{"name":"(anonymous_8)","decl":{"start":{"line":103,"column":23},"end":{"line":103,"column":24}},"loc":{"start":{"line":103,"column":29},"end":{"line":103,"column":46}},"line":103},"9":{"name":"(anonymous_9)","decl":{"start":{"line":147,"column":32},"end":{"line":147,"column":33}},"loc":{"start":{"line":147,"column":39},"end":{"line":147,"column":64}},"line":147},"10":{"name":"(anonymous_10)","decl":{"start":{"line":163,"column":30},"end":{"line":163,"column":31}},"loc":{"start":{"line":163,"column":37},"end":{"line":163,"column":62}},"line":163},"11":{"name":"(anonymous_11)","decl":{"start":{"line":177,"column":25},"end":{"line":177,"column":26}},"loc":{"start":{"line":177,"column":31},"end":{"line":177,"column":49}},"line":177},"12":{"name":"(anonymous_12)","decl":{"start":{"line":190,"column":28},"end":{"line":190,"column":29}},"loc":{"start":{"line":190,"column":35},"end":{"line":248,"column":15}},"line":190},"13":{"name":"(anonymous_13)","decl":{"start":{"line":235,"column":33},"end":{"line":235,"column":34}},"loc":{"start":{"line":235,"column":39},"end":{"line":235,"column":57}},"line":235},"14":{"name":"(anonymous_14)","decl":{"start":{"line":278,"column":22},"end":{"line":278,"column":23}},"loc":{"start":{"line":279,"column":18},"end":{"line":284,"column":24}},"line":279},"15":{"name":"(anonymous_15)","decl":{"start":{"line":319,"column":22},"end":{"line":319,"column":23}},"loc":{"start":{"line":320,"column":18},"end":{"line":334,"column":24}},"line":320},"16":{"name":"(anonymous_16)","decl":{"start":{"line":352,"column":22},"end":{"line":352,"column":23}},"loc":{"start":{"line":353,"column":18},"end":{"line":358,"column":24}},"line":353},"17":{"name":"(anonymous_17)","decl":{"start":{"line":395,"column":22},"end":{"line":395,"column":23}},"loc":{"start":{"line":396,"column":18},"end":{"line":396,"column":101}},"line":396},"18":{"name":"(anonymous_18)","decl":{"start":{"line":416,"column":22},"end":{"line":416,"column":23}},"loc":{"start":{"line":417,"column":18},"end":{"line":417,"column":101}},"line":417},"19":{"name":"(anonymous_19)","decl":{"start":{"line":439,"column":22},"end":{"line":439,"column":23}},"loc":{"start":{"line":440,"column":18},"end":{"line":440,"column":101}},"line":440},"20":{"name":"(anonymous_20)","decl":{"start":{"line":454,"column":19},"end":{"line":454,"column":20}},"loc":{"start":{"line":454,"column":25},"end":{"line":454,"column":44}},"line":454},"21":{"name":"(anonymous_21)","decl":{"start":{"line":458,"column":21},"end":{"line":458,"column":22}},"loc":{"start":{"line":458,"column":28},"end":{"line":458,"column":47}},"line":458},"22":{"name":"(anonymous_22)","decl":{"start":{"line":467,"column":58},"end":{"line":467,"column":59}},"loc":{"start":{"line":468,"column":14},"end":{"line":482,"column":20}},"line":468},"23":{"name":"(anonymous_23)","decl":{"start":{"line":479,"column":28},"end":{"line":479,"column":29}},"loc":{"start":{"line":479,"column":35},"end":{"line":479,"column":90}},"line":479},"24":{"name":"(anonymous_24)","decl":{"start":{"line":479,"column":49},"end":{"line":479,"column":50}},"loc":{"start":{"line":479,"column":57},"end":{"line":479,"column":88}},"line":479},"25":{"name":"(anonymous_25)","decl":{"start":{"line":494,"column":26},"end":{"line":494,"column":27}},"loc":{"start":{"line":494,"column":33},"end":{"line":494,"column":118}},"line":494},"26":{"name":"(anonymous_26)","decl":{"start":{"line":494,"column":47},"end":{"line":494,"column":48}},"loc":{"start":{"line":494,"column":55},"end":{"line":494,"column":116}},"line":494},"27":{"name":"(anonymous_27)","decl":{"start":{"line":502,"column":25},"end":{"line":502,"column":26}},"loc":{"start":{"line":502,"column":31},"end":{"line":502,"column":50}},"line":502}},"branchMap":{"0":{"loc":{"start":{"line":35,"column":11},"end":{"line":36,"column":60}},"type":"binary-expr","locations":[{"start":{"line":35,"column":12},"end":{"line":35,"column":44}},{"start":{"line":35,"column":48},"end":{"line":35,"column":88}},{"start":{"line":36,"column":7},"end":{"line":36,"column":34}},{"start":{"line":36,"column":38},"end":{"line":36,"column":59}}],"line":35},"1":{"loc":{"start":{"line":40,"column":4},"end":{"line":40,"column":33}},"type":"if","locations":[{"start":{"line":40,"column":4},"end":{"line":40,"column":33}},{"start":{},"end":{}}],"line":40},"2":{"loc":{"start":{"line":106,"column":61},"end":{"line":106,"column":90}},"type":"cond-expr","locations":[{"start":{"line":106,"column":81},"end":{"line":106,"column":84}},{"start":{"line":106,"column":87},"end":{"line":106,"column":90}}],"line":106},"3":{"loc":{"start":{"line":107,"column":23},"end":{"line":109,"column":29}},"type":"cond-expr","locations":[{"start":{"line":108,"column":21},"end":{"line":108,"column":67}},{"start":{"line":109,"column":20},"end":{"line":109,"column":29}}],"line":107},"4":{"loc":{"start":{"line":108,"column":21},"end":{"line":108,"column":67}},"type":"cond-expr","locations":[{"start":{"line":108,"column":46},"end":{"line":108,"column":55}},{"start":{"line":108,"column":58},"end":{"line":108,"column":67}}],"line":108},"5":{"loc":{"start":{"line":110,"column":28},"end":{"line":110,"column":73}},"type":"cond-expr","locations":[{"start":{"line":110,"column":48},"end":{"line":110,"column":57}},{"start":{"line":110,"column":60},"end":{"line":110,"column":73}}],"line":110},"6":{"loc":{"start":{"line":115,"column":15},"end":{"line":115,"column":60}},"type":"binary-expr","locations":[{"start":{"line":115,"column":15},"end":{"line":115,"column":33}},{"start":{"line":115,"column":41},"end":{"line":115,"column":60}}],"line":115},"7":{"loc":{"start":{"line":116,"column":15},"end":{"line":116,"column":111}},"type":"binary-expr","locations":[{"start":{"line":116,"column":15},"end":{"line":116,"column":37}},{"start":{"line":116,"column":41},"end":{"line":116,"column":111}}],"line":116},"8":{"loc":{"start":{"line":116,"column":66},"end":{"line":116,"column":107}},"type":"cond-expr","locations":[{"start":{"line":116,"column":86},"end":{"line":116,"column":95}},{"start":{"line":116,"column":98},"end":{"line":116,"column":107}}],"line":116},"9":{"loc":{"start":{"line":117,"column":15},"end":{"line":117,"column":63}},"type":"binary-expr","locations":[{"start":{"line":117,"column":15},"end":{"line":117,"column":34}},{"start":{"line":117,"column":41},"end":{"line":117,"column":63}}],"line":117},"10":{"loc":{"start":{"line":131,"column":9},"end":{"line":251,"column":9}},"type":"binary-expr","locations":[{"start":{"line":131,"column":9},"end":{"line":131,"column":33}},{"start":{"line":132,"column":10},"end":{"line":250,"column":13}}],"line":131},"11":{"loc":{"start":{"line":260,"column":9},"end":{"line":363,"column":9}},"type":"binary-expr","locations":[{"start":{"line":260,"column":9},"end":{"line":260,"column":37}},{"start":{"line":261,"column":10},"end":{"line":362,"column":16}}],"line":260},"12":{"loc":{"start":{"line":371,"column":9},"end":{"line":445,"column":9}},"type":"binary-expr","locations":[{"start":{"line":371,"column":9},"end":{"line":371,"column":34}},{"start":{"line":372,"column":10},"end":{"line":444,"column":16}}],"line":371},"13":{"loc":{"start":{"line":451,"column":7},"end":{"line":516,"column":7}},"type":"binary-expr","locations":[{"start":{"line":451,"column":7},"end":{"line":451,"column":16}},{"start":{"line":452,"column":8},"end":{"line":515,"column":14}}],"line":451}},"s":{"0":2,"1":2,"2":50,"3":50,"4":50,"5":50,"6":50,"7":50,"8":50,"9":151,"10":151,"11":50,"12":1,"13":0,"14":1,"15":1,"16":1,"17":1,"18":50,"19":0,"20":0,"21":0,"22":50,"23":150,"24":2,"25":6,"26":1,"27":2,"28":133,"29":133,"30":0,"31":1,"32":2,"33":2,"34":6,"35":5,"36":4,"37":0,"38":6,"39":93,"40":28,"41":28,"42":1,"43":1,"44":0},"f":{"0":50,"1":151,"2":1,"3":1,"4":0,"5":0,"6":0,"7":150,"8":2,"9":6,"10":1,"11":2,"12":133,"13":0,"14":1,"15":2,"16":2,"17":6,"18":5,"19":4,"20":0,"21":6,"22":93,"23":28,"24":28,"25":1,"26":1,"27":0},"b":{"0":[151,16,141,3],"1":[0,1],"2":[50,100],"3":[50,100],"4":[1,49],"5":[50,100],"6":[150,50],"7":[150,50],"8":[1,49],"9":[150,50],"10":[50,48],"11":[50,1],"12":[50,1],"13":[50,31]},"_coverageSchema":"1a1c01bbd47fc00a2c39e90264f33305004495a9","hash":"8b0251460b7e1c8561f9a16809790ae45ccc785f"}
,"D:\\school\\team6.github.io\\src\\pages\\HealthLogPage.tsx": {"path":"D:\\school\\team6.github.io\\src\\pages\\HealthLogPage.tsx","statementMap":{"0":{"start":{"line":17,"column":39},"end":{"line":38,"column":1}},"1":{"start":{"line":40,"column":19},"end":{"line":44,"column":1}},"2":{"start":{"line":46,"column":19},"end":{"line":50,"column":1}},"3":{"start":{"line":47,"column":2},"end":{"line":47,"column":90}},"4":{"start":{"line":47,"column":28},"end":{"line":47,"column":90}},"5":{"start":{"line":48,"column":2},"end":{"line":48,"column":90}},"6":{"start":{"line":48,"column":28},"end":{"line":48,"column":90}},"7":{"start":{"line":49,"column":2},"end":{"line":49,"column":90}},"8":{"start":{"line":53,"column":32},"end":{"line":53,"column":72}},"9":{"start":{"line":54,"column":36},"end":{"line":54,"column":51}},"10":{"start":{"line":55,"column":34},"end":{"line":59,"column":4}},"11":{"start":{"line":61,"column":20},"end":{"line":76,"column":3}},"12":{"start":{"line":62,"column":4},"end":{"line":62,"column":31}},"13":{"start":{"line":62,"column":24},"end":{"line":62,"column":31}},"14":{"start":{"line":63,"column":4},"end":{"line":74,"column":14}},"15":{"start":{"line":63,"column":22},"end":{"line":74,"column":12}},"16":{"start":{"line":71,"column":56},"end":{"line":71,"column":64}},"17":{"start":{"line":75,"column":4},"end":{"line":75,"column":24}},"18":{"start":{"line":78,"column":2},"end":{"line":349,"column":4}},"19":{"start":{"line":101,"column":25},"end":{"line":101,"column":43}},"20":{"start":{"line":122,"column":23},"end":{"line":122,"column":45}},"21":{"start":{"line":123,"column":10},"end":{"line":224,"column":12}},"22":{"start":{"line":159,"column":30},"end":{"line":159,"column":46}},"23":{"start":{"line":160,"column":35},"end":{"line":160,"column":115}},"24":{"start":{"line":161,"column":20},"end":{"line":171,"column":22}},"25":{"start":{"line":181,"column":24},"end":{"line":187,"column":31}},"26":{"start":{"line":238,"column":25},"end":{"line":238,"column":44}},"27":{"start":{"line":245,"column":28},"end":{"line":245,"column":47}},"28":{"start":{"line":258,"column":14},"end":{"line":276,"column":20}},"29":{"start":{"line":273,"column":35},"end":{"line":273,"column":88}},"30":{"start":{"line":273,"column":55},"end":{"line":273,"column":86}},"31":{"start":{"line":294,"column":33},"end":{"line":294,"column":108}},"32":{"start":{"line":294,"column":53},"end":{"line":294,"column":106}},"33":{"start":{"line":304,"column":14},"end":{"line":320,"column":20}},"34":{"start":{"line":317,"column":35},"end":{"line":317,"column":96}},"35":{"start":{"line":317,"column":55},"end":{"line":317,"column":94}},"36":{"start":{"line":325,"column":31},"end":{"line":325,"column":50}}},"fnMap":{"0":{"name":"(anonymous_0)","decl":{"start":{"line":46,"column":19},"end":{"line":46,"column":20}},"loc":{"start":{"line":46,"column":64},"end":{"line":50,"column":1}},"line":46},"1":{"name":"HealthLogPage","decl":{"start":{"line":52,"column":24},"end":{"line":52,"column":37}},"loc":{"start":{"line":52,"column":40},"end":{"line":350,"column":1}},"line":52},"2":{"name":"(anonymous_2)","decl":{"start":{"line":61,"column":20},"end":{"line":61,"column":21}},"loc":{"start":{"line":61,"column":26},"end":{"line":76,"column":3}},"line":61},"3":{"name":"(anonymous_3)","decl":{"start":{"line":63,"column":15},"end":{"line":63,"column":16}},"loc":{"start":{"line":63,"column":22},"end":{"line":74,"column":12}},"line":63},"4":{"name":"(anonymous_4)","decl":{"start":{"line":71,"column":49},"end":{"line":71,"column":50}},"loc":{"start":{"line":71,"column":56},"end":{"line":71,"column":64}},"line":71},"5":{"name":"(anonymous_5)","decl":{"start":{"line":101,"column":19},"end":{"line":101,"column":20}},"loc":{"start":{"line":101,"column":25},"end":{"line":101,"column":43}},"line":101},"6":{"name":"(anonymous_6)","decl":{"start":{"line":121,"column":21},"end":{"line":121,"column":22}},"loc":{"start":{"line":121,"column":32},"end":{"line":225,"column":9}},"line":121},"7":{"name":"(anonymous_7)","decl":{"start":{"line":158,"column":68},"end":{"line":158,"column":69}},"loc":{"start":{"line":158,"column":78},"end":{"line":172,"column":19}},"line":158},"8":{"name":"(anonymous_8)","decl":{"start":{"line":180,"column":42},"end":{"line":180,"column":43}},"loc":{"start":{"line":181,"column":24},"end":{"line":187,"column":31}},"line":181},"9":{"name":"(anonymous_9)","decl":{"start":{"line":238,"column":19},"end":{"line":238,"column":20}},"loc":{"start":{"line":238,"column":25},"end":{"line":238,"column":44}},"line":238},"10":{"name":"(anonymous_10)","decl":{"start":{"line":245,"column":21},"end":{"line":245,"column":22}},"loc":{"start":{"line":245,"column":28},"end":{"line":245,"column":47}},"line":245},"11":{"name":"(anonymous_11)","decl":{"start":{"line":257,"column":56},"end":{"line":257,"column":57}},"loc":{"start":{"line":258,"column":14},"end":{"line":276,"column":20}},"line":258},"12":{"name":"(anonymous_12)","decl":{"start":{"line":273,"column":28},"end":{"line":273,"column":29}},"loc":{"start":{"line":273,"column":35},"end":{"line":273,"column":88}},"line":273},"13":{"name":"(anonymous_13)","decl":{"start":{"line":273,"column":47},"end":{"line":273,"column":48}},"loc":{"start":{"line":273,"column":55},"end":{"line":273,"column":86}},"line":273},"14":{"name":"(anonymous_14)","decl":{"start":{"line":294,"column":26},"end":{"line":294,"column":27}},"loc":{"start":{"line":294,"column":33},"end":{"line":294,"column":108}},"line":294},"15":{"name":"(anonymous_15)","decl":{"start":{"line":294,"column":45},"end":{"line":294,"column":46}},"loc":{"start":{"line":294,"column":53},"end":{"line":294,"column":106}},"line":294},"16":{"name":"(anonymous_16)","decl":{"start":{"line":303,"column":62},"end":{"line":303,"column":63}},"loc":{"start":{"line":304,"column":14},"end":{"line":320,"column":20}},"line":304},"17":{"name":"(anonymous_17)","decl":{"start":{"line":317,"column":28},"end":{"line":317,"column":29}},"loc":{"start":{"line":317,"column":35},"end":{"line":317,"column":96}},"line":317},"18":{"name":"(anonymous_18)","decl":{"start":{"line":317,"column":47},"end":{"line":317,"column":48}},"loc":{"start":{"line":317,"column":55},"end":{"line":317,"column":94}},"line":317},"19":{"name":"(anonymous_19)","decl":{"start":{"line":325,"column":25},"end":{"line":325,"column":26}},"loc":{"start":{"line":325,"column":31},"end":{"line":325,"column":50}},"line":325}},"branchMap":{"0":{"loc":{"start":{"line":47,"column":2},"end":{"line":47,"column":90}},"type":"if","locations":[{"start":{"line":47,"column":2},"end":{"line":47,"column":90}},{"start":{},"end":{}}],"line":47},"1":{"loc":{"start":{"line":48,"column":2},"end":{"line":48,"column":90}},"type":"if","locations":[{"start":{"line":48,"column":2},"end":{"line":48,"column":90}},{"start":{},"end":{}}],"line":48},"2":{"loc":{"start":{"line":62,"column":4},"end":{"line":62,"column":31}},"type":"if","locations":[{"start":{"line":62,"column":4},"end":{"line":62,"column":31}},{"start":{},"end":{}}],"line":62},"3":{"loc":{"start":{"line":176,"column":17},"end":{"line":191,"column":17}},"type":"binary-expr","locations":[{"start":{"line":176,"column":17},"end":{"line":176,"column":42}},{"start":{"line":177,"column":18},"end":{"line":190,"column":24}}],"line":176},"4":{"loc":{"start":{"line":232,"column":7},"end":{"line":347,"column":7}},"type":"binary-expr","locations":[{"start":{"line":232,"column":7},"end":{"line":232,"column":16}},{"start":{"line":233,"column":8},"end":{"line":346,"column":14}}],"line":232}},"s":{"0":2,"1":2,"2":2,"3":615,"4":205,"5":410,"6":205,"7":205,"8":102,"9":102,"10":102,"11":102,"12":2,"13":1,"14":1,"15":1,"16":2,"17":1,"18":102,"19":4,"20":205,"21":205,"22":615,"23":615,"24":615,"25":410,"26":0,"27":13,"28":460,"29":87,"30":87,"31":1,"32":1,"33":276,"34":0,"35":0,"36":1},"f":{"0":615,"1":102,"2":2,"3":1,"4":2,"5":4,"6":205,"7":615,"8":410,"9":0,"10":13,"11":460,"12":87,"13":87,"14":1,"15":1,"16":276,"17":0,"18":0,"19":1},"b":{"0":[205,410],"1":[205,205],"2":[1,1],"3":[205,205],"4":[102,92]},"_coverageSchema":"1a1c01bbd47fc00a2c39e90264f33305004495a9","hash":"5c6603203d16bc050c05d3580f879028f794cdf3"}
,"D:\\school\\team6.github.io\\src\\pages\\LandingPage.tsx": {"path":"D:\\school\\team6.github.io\\src\\pages\\LandingPage.tsx","statementMap":{"0":{"start":{"line":5,"column":19},"end":{"line":12,"column":3}},"1":{"start":{"line":14,"column":32},"end":{"line":21,"column":3}},"2":{"start":{"line":23,"column":2},"end":{"line":233,"column":4}},"3":{"start":{"line":97,"column":14},"end":{"line":106,"column":20}},"4":{"start":{"line":126,"column":27},"end":{"line":126,"column":39}},"5":{"start":{"line":127,"column":29},"end":{"line":134,"column":15}},"6":{"start":{"line":135,"column":14},"end":{"line":147,"column":16}}},"fnMap":{"0":{"name":"LandingPage","decl":{"start":{"line":4,"column":16},"end":{"line":4,"column":27}},"loc":{"start":{"line":4,"column":30},"end":{"line":234,"column":1}},"line":4},"1":{"name":"(anonymous_1)","decl":{"start":{"line":96,"column":39},"end":{"line":96,"column":40}},"loc":{"start":{"line":97,"column":14},"end":{"line":106,"column":20}},"line":97},"2":{"name":"(anonymous_2)","decl":{"start":{"line":125,"column":26},"end":{"line":125,"column":27}},"loc":{"start":{"line":125,"column":46},"end":{"line":148,"column":13}},"line":125}},"branchMap":{},"s":{"0":6,"1":6,"2":6,"3":36,"4":36,"5":36,"6":36},"f":{"0":6,"1":36,"2":36},"b":{},"_coverageSchema":"1a1c01bbd47fc00a2c39e90264f33305004495a9","hash":"dd9de142379108567fcd8a0eb680a0700c50a4d9"}
,"D:\\school\\team6.github.io\\src\\pages\\MedicationsPage.tsx": {"path":"D:\\school\\team6.github.io\\src\\pages\\MedicationsPage.tsx","statementMap":{"0":{"start":{"line":17,"column":35},"end":{"line":42,"column":1}},"1":{"start":{"line":45,"column":26},"end":{"line":45,"column":62}},"2":{"start":{"line":46,"column":30},"end":{"line":46,"column":42}},"3":{"start":{"line":47,"column":34},"end":{"line":47,"column":60}},"4":{"start":{"line":48,"column":26},"end":{"line":48,"column":42}},"5":{"start":{"line":49,"column":36},"end":{"line":49,"column":51}},"6":{"start":{"line":50,"column":30},"end":{"line":53,"column":4}},"7":{"start":{"line":55,"column":19},"end":{"line":63,"column":71}},"8":{"start":{"line":58,"column":8},"end":{"line":59,"column":63}},"9":{"start":{"line":60,"column":23},"end":{"line":60,"column":79}},"10":{"start":{"line":61,"column":6},"end":{"line":61,"column":37}},"11":{"start":{"line":63,"column":20},"end":{"line":63,"column":70}},"12":{"start":{"line":65,"column":20},"end":{"line":81,"column":3}},"13":{"start":{"line":66,"column":4},"end":{"line":66,"column":29}},"14":{"start":{"line":66,"column":22},"end":{"line":66,"column":29}},"15":{"start":{"line":67,"column":4},"end":{"line":78,"column":8}},"16":{"start":{"line":67,"column":22},"end":{"line":78,"column":6}},"17":{"start":{"line":75,"column":48},"end":{"line":75,"column":56}},"18":{"start":{"line":79,"column":4},"end":{"line":79,"column":116}},"19":{"start":{"line":80,"column":4},"end":{"line":80,"column":24}},"20":{"start":{"line":83,"column":23},"end":{"line":83,"column":89}},"21":{"start":{"line":83,"column":39},"end":{"line":83,"column":89}},"22":{"start":{"line":83,"column":57},"end":{"line":83,"column":88}},"23":{"start":{"line":83,"column":76},"end":{"line":83,"column":87}},"24":{"start":{"line":85,"column":2},"end":{"line":390,"column":4}},"25":{"start":{"line":127,"column":33},"end":{"line":127,"column":58}},"26":{"start":{"line":145,"column":31},"end":{"line":145,"column":58}},"27":{"start":{"line":167,"column":31},"end":{"line":167,"column":54}},"28":{"start":{"line":183,"column":25},"end":{"line":183,"column":43}},"29":{"start":{"line":206,"column":10},"end":{"line":307,"column":16}},"30":{"start":{"line":250,"column":18},"end":{"line":256,"column":24}},"31":{"start":{"line":295,"column":31},"end":{"line":295,"column":51}},"32":{"start":{"line":320,"column":25},"end":{"line":320,"column":44}},"33":{"start":{"line":328,"column":28},"end":{"line":328,"column":47}},"34":{"start":{"line":343,"column":14},"end":{"line":361,"column":20}},"35":{"start":{"line":358,"column":35},"end":{"line":358,"column":86}},"36":{"start":{"line":358,"column":53},"end":{"line":358,"column":84}},"37":{"start":{"line":366,"column":31},"end":{"line":366,"column":50}}},"fnMap":{"0":{"name":"MedicationsPage","decl":{"start":{"line":44,"column":24},"end":{"line":44,"column":39}},"loc":{"start":{"line":44,"column":42},"end":{"line":391,"column":1}},"line":44},"1":{"name":"(anonymous_1)","decl":{"start":{"line":56,"column":12},"end":{"line":56,"column":13}},"loc":{"start":{"line":56,"column":19},"end":{"line":62,"column":5}},"line":56},"2":{"name":"(anonymous_2)","decl":{"start":{"line":63,"column":10},"end":{"line":63,"column":11}},"loc":{"start":{"line":63,"column":20},"end":{"line":63,"column":70}},"line":63},"3":{"name":"(anonymous_3)","decl":{"start":{"line":65,"column":20},"end":{"line":65,"column":21}},"loc":{"start":{"line":65,"column":26},"end":{"line":81,"column":3}},"line":65},"4":{"name":"(anonymous_4)","decl":{"start":{"line":67,"column":12},"end":{"line":67,"column":13}},"loc":{"start":{"line":67,"column":22},"end":{"line":78,"column":6}},"line":67},"5":{"name":"(anonymous_5)","decl":{"start":{"line":75,"column":41},"end":{"line":75,"column":42}},"loc":{"start":{"line":75,"column":48},"end":{"line":75,"column":56}},"line":75},"6":{"name":"(anonymous_6)","decl":{"start":{"line":83,"column":23},"end":{"line":83,"column":24}},"loc":{"start":{"line":83,"column":39},"end":{"line":83,"column":89}},"line":83},"7":{"name":"(anonymous_7)","decl":{"start":{"line":83,"column":47},"end":{"line":83,"column":48}},"loc":{"start":{"line":83,"column":57},"end":{"line":83,"column":88}},"line":83},"8":{"name":"(anonymous_8)","decl":{"start":{"line":83,"column":69},"end":{"line":83,"column":70}},"loc":{"start":{"line":83,"column":76},"end":{"line":83,"column":87}},"line":83},"9":{"name":"(anonymous_9)","decl":{"start":{"line":127,"column":26},"end":{"line":127,"column":27}},"loc":{"start":{"line":127,"column":33},"end":{"line":127,"column":58}},"line":127},"10":{"name":"(anonymous_10)","decl":{"start":{"line":145,"column":24},"end":{"line":145,"column":25}},"loc":{"start":{"line":145,"column":31},"end":{"line":145,"column":58}},"line":145},"11":{"name":"(anonymous_11)","decl":{"start":{"line":167,"column":24},"end":{"line":167,"column":25}},"loc":{"start":{"line":167,"column":31},"end":{"line":167,"column":54}},"line":167},"12":{"name":"(anonymous_12)","decl":{"start":{"line":183,"column":19},"end":{"line":183,"column":20}},"loc":{"start":{"line":183,"column":25},"end":{"line":183,"column":43}},"line":183},"13":{"name":"(anonymous_13)","decl":{"start":{"line":205,"column":22},"end":{"line":205,"column":23}},"loc":{"start":{"line":206,"column":10},"end":{"line":307,"column":16}},"line":206},"14":{"name":"(anonymous_14)","decl":{"start":{"line":249,"column":31},"end":{"line":249,"column":32}},"loc":{"start":{"line":250,"column":18},"end":{"line":256,"column":24}},"line":250},"15":{"name":"(anonymous_15)","decl":{"start":{"line":295,"column":25},"end":{"line":295,"column":26}},"loc":{"start":{"line":295,"column":31},"end":{"line":295,"column":51}},"line":295},"16":{"name":"(anonymous_16)","decl":{"start":{"line":320,"column":19},"end":{"line":320,"column":20}},"loc":{"start":{"line":320,"column":25},"end":{"line":320,"column":44}},"line":320},"17":{"name":"(anonymous_17)","decl":{"start":{"line":328,"column":21},"end":{"line":328,"column":22}},"loc":{"start":{"line":328,"column":28},"end":{"line":328,"column":47}},"line":328},"18":{"name":"(anonymous_18)","decl":{"start":{"line":342,"column":54},"end":{"line":342,"column":55}},"loc":{"start":{"line":343,"column":14},"end":{"line":361,"column":20}},"line":343},"19":{"name":"(anonymous_19)","decl":{"start":{"line":358,"column":28},"end":{"line":358,"column":29}},"loc":{"start":{"line":358,"column":35},"end":{"line":358,"column":86}},"line":358},"20":{"name":"(anonymous_20)","decl":{"start":{"line":358,"column":45},"end":{"line":358,"column":46}},"loc":{"start":{"line":358,"column":53},"end":{"line":358,"column":84}},"line":358},"21":{"name":"(anonymous_21)","decl":{"start":{"line":366,"column":25},"end":{"line":366,"column":26}},"loc":{"start":{"line":366,"column":31},"end":{"line":366,"column":50}},"line":366}},"branchMap":{"0":{"loc":{"start":{"line":58,"column":8},"end":{"line":59,"column":63}},"type":"binary-expr","locations":[{"start":{"line":58,"column":8},"end":{"line":58,"column":59}},{"start":{"line":59,"column":8},"end":{"line":59,"column":63}}],"line":58},"1":{"loc":{"start":{"line":60,"column":23},"end":{"line":60,"column":79}},"type":"binary-expr","locations":[{"start":{"line":60,"column":23},"end":{"line":60,"column":52}},{"start":{"line":60,"column":56},"end":{"line":60,"column":79}}],"line":60},"2":{"loc":{"start":{"line":61,"column":13},"end":{"line":61,"column":36}},"type":"binary-expr","locations":[{"start":{"line":61,"column":13},"end":{"line":61,"column":24}},{"start":{"line":61,"column":28},"end":{"line":61,"column":36}}],"line":61},"3":{"loc":{"start":{"line":63,"column":20},"end":{"line":63,"column":70}},"type":"cond-expr","locations":[{"start":{"line":63,"column":38},"end":{"line":63,"column":66}},{"start":{"line":63,"column":69},"end":{"line":63,"column":70}}],"line":63},"4":{"loc":{"start":{"line":66,"column":4},"end":{"line":66,"column":29}},"type":"if","locations":[{"start":{"line":66,"column":4},"end":{"line":66,"column":29}},{"start":{},"end":{}}],"line":66},"5":{"loc":{"start":{"line":70,"column":16},"end":{"line":70,"column":44}},"type":"binary-expr","locations":[{"start":{"line":70,"column":16},"end":{"line":70,"column":31}},{"start":{"line":70,"column":35},"end":{"line":70,"column":44}}],"line":70},"6":{"loc":{"start":{"line":314,"column":7},"end":{"line":388,"column":7}},"type":"binary-expr","locations":[{"start":{"line":314,"column":7},"end":{"line":314,"column":16}},{"start":{"line":315,"column":8},"end":{"line":387,"column":14}}],"line":314}},"s":{"0":2,"1":90,"2":90,"3":90,"4":90,"5":90,"6":90,"7":90,"8":180,"9":180,"10":180,"11":85,"12":90,"13":2,"14":1,"15":1,"16":1,"17":1,"18":1,"19":1,"20":90,"21":1,"22":1,"23":2,"24":90,"25":7,"26":1,"27":1,"28":4,"29":173,"30":339,"31":1,"32":0,"33":10,"34":476,"35":64,"36":64,"37":1},"f":{"0":90,"1":180,"2":85,"3":2,"4":1,"5":1,"6":1,"7":1,"8":2,"9":7,"10":1,"11":1,"12":4,"13":173,"14":339,"15":1,"16":0,"17":10,"18":476,"19":64,"20":64,"21":1},"b":{"0":[180,6],"1":[180,2],"2":[180,174],"3":[85,0],"4":[1,1],"5":[1,0],"6":[90,68]},"_coverageSchema":"1a1c01bbd47fc00a2c39e90264f33305004495a9","hash":"b79012f2395f1ddfee797ed3294151b44d5f6e09"}
,"D:\\school\\team6.github.io\\src\\pages\\MessagesPage.tsx": {"path":"D:\\school\\team6.github.io\\src\\pages\\MessagesPage.tsx","statementMap":{"0":{"start":{"line":18,"column":21},"end":{"line":43,"column":4}},"1":{"start":{"line":45,"column":2},"end":{"line":228,"column":4}},"2":{"start":{"line":127,"column":10},"end":{"line":224,"column":16}}},"fnMap":{"0":{"name":"MessagesPage","decl":{"start":{"line":17,"column":16},"end":{"line":17,"column":28}},"loc":{"start":{"line":17,"column":31},"end":{"line":229,"column":1}},"line":17},"1":{"name":"(anonymous_1)","decl":{"start":{"line":126,"column":22},"end":{"line":126,"column":23}},"loc":{"start":{"line":127,"column":10},"end":{"line":224,"column":16}},"line":127}},"branchMap":{"0":{"loc":{"start":{"line":130,"column":26},"end":{"line":130,"column":66}},"type":"cond-expr","locations":[{"start":{"line":130,"column":45},"end":{"line":130,"column":54}},{"start":{"line":130,"column":57},"end":{"line":130,"column":66}}],"line":130},"1":{"loc":{"start":{"line":131,"column":35},"end":{"line":131,"column":75}},"type":"cond-expr","locations":[{"start":{"line":131,"column":54},"end":{"line":131,"column":63}},{"start":{"line":131,"column":66},"end":{"line":131,"column":75}}],"line":131},"2":{"loc":{"start":{"line":152,"column":23},"end":{"line":159,"column":23}},"type":"binary-expr","locations":[{"start":{"line":152,"column":23},"end":{"line":152,"column":39}},{"start":{"line":153,"column":24},"end":{"line":158,"column":31}}],"line":152},"3":{"loc":{"start":{"line":160,"column":23},"end":{"line":167,"column":23}},"type":"binary-expr","locations":[{"start":{"line":160,"column":23},"end":{"line":160,"column":41}},{"start":{"line":161,"column":24},"end":{"line":166,"column":31}}],"line":160},"4":{"loc":{"start":{"line":217,"column":13},"end":{"line":223,"column":13}},"type":"binary-expr","locations":[{"start":{"line":217,"column":13},"end":{"line":217,"column":35}},{"start":{"line":218,"column":14},"end":{"line":222,"column":20}}],"line":217}},"s":{"0":7,"1":7,"2":14},"f":{"0":7,"1":14},"b":{"0":[7,7],"1":[7,7],"2":[14,7],"3":[14,14],"4":[14,7]},"_coverageSchema":"1a1c01bbd47fc00a2c39e90264f33305004495a9","hash":"6ab9bf36cd8d97e5f2bbcd61e434c555fe0203dd"}
,"D:\\school\\team6.github.io\\src\\pages\\SignInPage.tsx": {"path":"D:\\school\\team6.github.io\\src\\pages\\SignInPage.tsx","statementMap":{"0":{"start":{"line":6,"column":28},"end":{"line":6,"column":40}},"1":{"start":{"line":7,"column":34},"end":{"line":7,"column":46}},"2":{"start":{"line":8,"column":42},"end":{"line":8,"column":57}},"3":{"start":{"line":9,"column":32},"end":{"line":9,"column":47}},"4":{"start":{"line":10,"column":19},"end":{"line":10,"column":32}},"5":{"start":{"line":12,"column":23},"end":{"line":21,"column":3}},"6":{"start":{"line":13,"column":4},"end":{"line":13,"column":23}},"7":{"start":{"line":14,"column":4},"end":{"line":14,"column":21}},"8":{"start":{"line":17,"column":4},"end":{"line":17,"column":60}},"9":{"start":{"line":17,"column":33},"end":{"line":17,"column":58}},"10":{"start":{"line":20,"column":4},"end":{"line":20,"column":27}},"11":{"start":{"line":23,"column":25},"end":{"line":26,"column":3}},"12":{"start":{"line":24,"column":4},"end":{"line":24,"column":37}},"13":{"start":{"line":25,"column":4},"end":{"line":25,"column":27}},"14":{"start":{"line":28,"column":2},"end":{"line":169,"column":4}},"15":{"start":{"line":72,"column":35},"end":{"line":72,"column":59}},"16":{"start":{"line":89,"column":37},"end":{"line":89,"column":64}},"17":{"start":{"line":96,"column":35},"end":{"line":96,"column":65}}},"fnMap":{"0":{"name":"SignInPage","decl":{"start":{"line":5,"column":16},"end":{"line":5,"column":26}},"loc":{"start":{"line":5,"column":29},"end":{"line":170,"column":1}},"line":5},"1":{"name":"(anonymous_1)","decl":{"start":{"line":12,"column":23},"end":{"line":12,"column":24}},"loc":{"start":{"line":12,"column":53},"end":{"line":21,"column":3}},"line":12},"2":{"name":"(anonymous_2)","decl":{"start":{"line":17,"column":22},"end":{"line":17,"column":23}},"loc":{"start":{"line":17,"column":33},"end":{"line":17,"column":58}},"line":17},"3":{"name":"(anonymous_3)","decl":{"start":{"line":23,"column":25},"end":{"line":23,"column":26}},"loc":{"start":{"line":23,"column":31},"end":{"line":26,"column":3}},"line":23},"4":{"name":"(anonymous_4)","decl":{"start":{"line":72,"column":28},"end":{"line":72,"column":29}},"loc":{"start":{"line":72,"column":35},"end":{"line":72,"column":59}},"line":72},"5":{"name":"(anonymous_5)","decl":{"start":{"line":89,"column":30},"end":{"line":89,"column":31}},"loc":{"start":{"line":89,"column":37},"end":{"line":89,"column":64}},"line":89},"6":{"name":"(anonymous_6)","decl":{"start":{"line":96,"column":29},"end":{"line":96,"column":30}},"loc":{"start":{"line":96,"column":35},"end":{"line":96,"column":65}},"line":96}},"branchMap":{"0":{"loc":{"start":{"line":87,"column":26},"end":{"line":87,"column":60}},"type":"cond-expr","locations":[{"start":{"line":87,"column":41},"end":{"line":87,"column":47}},{"start":{"line":87,"column":50},"end":{"line":87,"column":60}}],"line":87},"1":{"loc":{"start":{"line":99,"column":21},"end":{"line":99,"column":96}},"type":"cond-expr","locations":[{"start":{"line":99,"column":36},"end":{"line":99,"column":66}},{"start":{"line":99,"column":69},"end":{"line":99,"column":96}}],"line":99},"2":{"loc":{"start":{"line":110,"column":17},"end":{"line":120,"column":17}},"type":"cond-expr","locations":[{"start":{"line":111,"column":18},"end":{"line":114,"column":21}},{"start":{"line":116,"column":18},"end":{"line":119,"column":21}}],"line":110}},"s":{"0":61,"1":61,"2":61,"3":61,"4":61,"5":61,"6":1,"7":1,"8":1,"9":1,"10":1,"11":61,"12":1,"13":1,"14":61,"15":36,"16":16,"17":1},"f":{"0":61,"1":1,"2":1,"3":1,"4":36,"5":16,"6":1},"b":{"0":[1,60],"1":[1,60],"2":[1,60]},"_coverageSchema":"1a1c01bbd47fc00a2c39e90264f33305004495a9","hash":"70c6ab59bd388cda13f68269a97dc5490dde7cd3"}
}
