TN:
SF:src\App.tsx
FN:13,App
FNF:1
FNH:1
FNDA:2,App
DA:14,2
LF:1
LH:1
BRF:0
BRH:0
end_of_record
TN:
SF:src\jest-globals.d.ts
FNF:0
FNH:0
LF:0
LH:0
BRF:0
BRH:0
end_of_record
TN:
SF:src\test-utils.tsx
FN:5,renderWithRouter
FNF:1
FNH:1
FNDA:67,renderWithRouter
DA:9,67
LF:1
LH:1
BRDA:7,0,0,67
BRDA:7,1,0,67
BRF:2
BRH:2
end_of_record
TN:
SF:src\components\DashboardLayout.tsx
FN:4,DashboardLayout
FN:8,(anonymous_1)
FN:29,(anonymous_2)
FN:69,(anonymous_3)
FN:82,(anonymous_4)
FN:83,(anonymous_5)
FN:93,(anonymous_6)
FNF:7
FNH:5
FNDA:4,DashboardLayout
FNDA:6,(anonymous_1)
FNDA:24,(anonymous_2)
FNDA:20,(anonymous_3)
FNDA:0,(anonymous_4)
FNDA:0,(anonymous_5)
FNDA:1,(anonymous_6)
DA:5,4
DA:6,4
DA:8,4
DA:9,6
DA:10,6
DA:11,2
DA:12,2
DA:13,2
DA:14,2
DA:15,2
DA:16,2
DA:19,4
DA:28,4
DA:29,24
DA:32,4
DA:70,20
DA:82,0
DA:83,0
DA:93,1
LF:19
LH:17
BRDA:10,0,0,4
BRDA:10,0,1,2
BRDA:11,1,0,0
BRDA:11,1,1,2
BRDA:12,2,0,0
BRDA:12,2,1,2
BRDA:13,3,0,0
BRDA:13,3,1,2
BRDA:14,4,0,0
BRDA:14,4,1,2
BRDA:15,5,0,0
BRDA:15,5,1,2
BRDA:59,6,0,4
BRDA:59,6,1,2
BRDA:78,7,0,4
BRDA:78,7,1,16
BRDA:85,8,0,4
BRDA:85,8,1,16
BRF:18
BRH:13
end_of_record
TN:
SF:src\pages\AccountSettingsPage.tsx
FN:5,AccountSettingsPage
FN:39,(anonymous_1)
FN:44,(anonymous_2)
FN:46,(anonymous_3)
FN:51,(anonymous_4)
FN:51,(anonymous_5)
FN:51,(anonymous_6)
FN:53,(anonymous_7)
FN:55,(anonymous_8)
FN:94,(anonymous_9)
FN:105,(anonymous_10)
FN:128,(anonymous_11)
FN:131,(anonymous_12)
FN:168,(anonymous_13)
FN:186,(anonymous_14)
FN:203,(anonymous_15)
FN:234,(anonymous_16)
FN:252,(anonymous_17)
FN:294,(anonymous_18)
FN:328,(anonymous_19)
FN:391,(anonymous_20)
FN:405,(anonymous_21)
FN:405,(anonymous_22)
FN:413,(anonymous_23)
FN:444,(anonymous_24)
FN:448,(anonymous_25)
FN:460,(anonymous_26)
FN:472,(anonymous_27)
FN:472,(anonymous_28)
FN:478,(anonymous_29)
FN:500,(anonymous_30)
FN:504,(anonymous_31)
FN:514,(anonymous_32)
FN:527,(anonymous_33)
FN:527,(anonymous_34)
FN:533,(anonymous_35)
FNF:36
FNH:23
FNDA:76,AccountSettingsPage
FNDA:1,(anonymous_1)
FNDA:1,(anonymous_2)
FNDA:1,(anonymous_3)
FNDA:0,(anonymous_4)
FNDA:0,(anonymous_5)
FNDA:0,(anonymous_6)
FNDA:1,(anonymous_7)
FNDA:0,(anonymous_8)
FNDA:0,(anonymous_9)
FNDA:0,(anonymous_10)
FNDA:304,(anonymous_11)
FNDA:8,(anonymous_12)
FNDA:2,(anonymous_13)
FNDA:92,(anonymous_14)
FNDA:46,(anonymous_15)
FNDA:2,(anonymous_16)
FNDA:97,(anonymous_17)
FNDA:0,(anonymous_18)
FNDA:2,(anonymous_19)
FNDA:12,(anonymous_20)
FNDA:0,(anonymous_21)
FNDA:0,(anonymous_22)
FNDA:48,(anonymous_23)
FNDA:0,(anonymous_24)
FNDA:2,(anonymous_25)
FNDA:66,(anonymous_26)
FNDA:9,(anonymous_27)
FNDA:9,(anonymous_28)
FNDA:0,(anonymous_29)
FNDA:0,(anonymous_30)
FNDA:5,(anonymous_31)
FNDA:172,(anonymous_32)
FNDA:41,(anonymous_33)
FNDA:41,(anonymous_34)
FNDA:0,(anonymous_35)
DA:6,76
DA:7,76
DA:9,76
DA:17,76
DA:18,76
DA:20,76
DA:24,76
DA:25,76
DA:27,76
DA:32,76
DA:37,76
DA:39,76
DA:40,1
DA:41,1
DA:44,76
DA:45,1
DA:46,1
DA:47,1
DA:48,1
DA:51,76
DA:53,76
DA:54,1
DA:55,1
DA:58,76
DA:65,76
DA:94,0
DA:105,0
DA:129,304
DA:131,8
DA:168,2
DA:187,92
DA:204,46
DA:234,2
DA:253,97
DA:294,0
DA:329,2
DA:392,12
DA:405,0
DA:413,48
DA:444,0
DA:448,2
DA:461,66
DA:472,9
DA:478,0
DA:500,0
DA:504,5
DA:515,172
DA:527,41
DA:533,0
LF:49
LH:41
BRDA:45,0,0,0
BRDA:45,0,1,1
BRDA:137,1,0,76
BRDA:137,1,1,228
BRDA:138,2,0,76
BRDA:138,2,1,228
BRDA:139,3,0,76
BRDA:139,3,1,228
BRDA:155,4,0,76
BRDA:155,4,1,23
BRDA:221,5,0,76
BRDA:221,5,1,48
BRDA:246,6,0,48
BRDA:246,6,1,0
BRDA:316,7,0,76
BRDA:316,7,1,1
BRDA:375,8,0,76
BRDA:375,8,1,4
BRDA:397,9,0,8
BRDA:397,9,1,4
BRDA:424,10,0,1
BRDA:424,10,1,3
BRDA:431,11,0,1
BRDA:431,11,1,3
BRDA:441,12,0,76
BRDA:441,12,1,11
BRDA:497,13,0,76
BRDA:497,13,1,43
BRF:28
BRH:26
end_of_record
TN:
SF:src\pages\AppointmentsPage.tsx
FN:23,AppointmentsPage
FN:35,(anonymous_1)
FN:43,(anonymous_2)
FN:49,(anonymous_3)
FN:49,(anonymous_4)
FN:49,(anonymous_5)
FN:51,(anonymous_6)
FN:53,(anonymous_7)
FN:100,(anonymous_8)
FN:116,(anonymous_9)
FN:134,(anonymous_10)
FN:150,(anonymous_11)
FN:180,(anonymous_12)
FN:297,(anonymous_13)
FN:322,(anonymous_14)
FN:329,(anonymous_15)
FN:344,(anonymous_16)
FN:360,(anonymous_17)
FN:360,(anonymous_18)
FN:380,(anonymous_19)
FN:380,(anonymous_20)
FN:389,(anonymous_21)
FNF:22
FNH:17
FNDA:120,AppointmentsPage
FNDA:360,(anonymous_1)
FNDA:219,(anonymous_2)
FNDA:1,(anonymous_3)
FNDA:1,(anonymous_4)
FNDA:3,(anonymous_5)
FNDA:1,(anonymous_6)
FNDA:1,(anonymous_7)
FNDA:11,(anonymous_8)
FNDA:1,(anonymous_9)
FNDA:0,(anonymous_10)
FNDA:2,(anonymous_11)
FNDA:339,(anonymous_12)
FNDA:1,(anonymous_13)
FNDA:0,(anonymous_14)
FNDA:9,(anonymous_15)
FNDA:792,(anonymous_16)
FNDA:97,(anonymous_17)
FNDA:97,(anonymous_18)
FNDA:0,(anonymous_19)
FNDA:0,(anonymous_20)
FNDA:0,(anonymous_21)
DA:17,2
DA:24,120
DA:25,120
DA:26,120
DA:27,120
DA:28,120
DA:29,120
DA:34,120
DA:36,360
DA:37,360
DA:44,219
DA:49,120
DA:51,120
DA:52,1
DA:53,1
DA:54,1
DA:55,1
DA:58,120
DA:100,11
DA:116,1
DA:134,0
DA:150,2
DA:181,339
DA:297,1
DA:322,0
DA:329,9
DA:345,792
DA:360,97
DA:380,0
DA:389,0
LF:30
LH:26
BRDA:37,0,0,360
BRDA:37,0,1,19
BRDA:37,0,2,19
BRDA:37,0,3,341
BRDA:37,0,4,3
BRDA:44,1,0,0
BRDA:44,1,1,219
BRDA:45,2,0,0
BRDA:45,2,1,219
BRDA:52,3,0,0
BRDA:52,3,1,1
BRDA:174,4,0,120
BRDA:174,4,1,0
BRDA:182,5,0,229
BRDA:182,5,1,110
BRDA:183,6,0,229
BRDA:183,6,1,110
BRDA:194,7,0,229
BRDA:194,7,1,110
BRDA:316,8,0,120
BRDA:316,8,1,99
BRF:21
BRH:17
end_of_record
TN:
SF:src\pages\DashboardPage.tsx
FN:4,DashboardPage
FN:44,(anonymous_1)
FN:52,(anonymous_2)
FN:78,(anonymous_3)
FN:81,(anonymous_4)
FN:97,(anonymous_5)
FN:101,(anonymous_6)
FN:179,(anonymous_7)
FN:194,(anonymous_8)
FN:302,(anonymous_9)
FNF:10
FNH:8
FNDA:7,DashboardPage
FNDA:1,(anonymous_1)
FNDA:1,(anonymous_2)
FNDA:35,(anonymous_3)
FNDA:1,(anonymous_4)
FNDA:1,(anonymous_5)
FNDA:0,(anonymous_6)
FNDA:0,(anonymous_7)
FNDA:21,(anonymous_8)
FNDA:21,(anonymous_9)
DA:5,7
DA:7,7
DA:15,7
DA:21,7
DA:44,1
DA:52,1
DA:79,35
DA:81,1
DA:98,1
DA:99,1
DA:102,0
DA:103,0
DA:179,0
DA:195,21
DA:303,21
LF:15
LH:12
BRDA:107,0,0,35
BRDA:107,0,1,7
BRDA:205,1,0,7
BRDA:205,1,1,14
BRF:4
BRH:4
end_of_record
TN:
SF:src\pages\EmergencyPage.tsx
FN:23,EmergencyPage
FN:33,(anonymous_1)
FN:39,(anonymous_2)
FN:41,(anonymous_3)
FN:46,(anonymous_4)
FN:46,(anonymous_5)
FN:46,(anonymous_6)
FN:100,(anonymous_7)
FN:103,(anonymous_8)
FN:147,(anonymous_9)
FN:163,(anonymous_10)
FN:177,(anonymous_11)
FN:190,(anonymous_12)
FN:235,(anonymous_13)
FN:278,(anonymous_14)
FN:319,(anonymous_15)
FN:352,(anonymous_16)
FN:395,(anonymous_17)
FN:416,(anonymous_18)
FN:439,(anonymous_19)
FN:454,(anonymous_20)
FN:458,(anonymous_21)
FN:467,(anonymous_22)
FN:479,(anonymous_23)
FN:479,(anonymous_24)
FN:494,(anonymous_25)
FN:494,(anonymous_26)
FN:502,(anonymous_27)
FNF:28
FNH:22
FNDA:50,EmergencyPage
FNDA:151,(anonymous_1)
FNDA:1,(anonymous_2)
FNDA:1,(anonymous_3)
FNDA:0,(anonymous_4)
FNDA:0,(anonymous_5)
FNDA:0,(anonymous_6)
FNDA:150,(anonymous_7)
FNDA:2,(anonymous_8)
FNDA:6,(anonymous_9)
FNDA:1,(anonymous_10)
FNDA:2,(anonymous_11)
FNDA:133,(anonymous_12)
FNDA:0,(anonymous_13)
FNDA:1,(anonymous_14)
FNDA:2,(anonymous_15)
FNDA:2,(anonymous_16)
FNDA:6,(anonymous_17)
FNDA:5,(anonymous_18)
FNDA:4,(anonymous_19)
FNDA:0,(anonymous_20)
FNDA:6,(anonymous_21)
FNDA:93,(anonymous_22)
FNDA:28,(anonymous_23)
FNDA:28,(anonymous_24)
FNDA:1,(anonymous_25)
FNDA:1,(anonymous_26)
FNDA:0,(anonymous_27)
DA:12,2
DA:18,2
DA:24,50
DA:25,50
DA:26,50
DA:27,50
DA:28,50
DA:29,50
DA:33,50
DA:34,151
DA:35,151
DA:39,50
DA:40,1
DA:41,1
DA:42,1
DA:43,1
DA:46,50
DA:48,50
DA:101,150
DA:103,2
DA:147,6
DA:163,1
DA:177,2
DA:191,133
DA:192,133
DA:235,0
DA:279,1
DA:320,2
DA:353,2
DA:396,6
DA:417,5
DA:440,4
DA:454,0
DA:458,6
DA:468,93
DA:479,28
DA:494,1
DA:502,0
LF:38
LH:35
BRDA:35,0,0,151
BRDA:35,0,1,16
BRDA:35,0,2,141
BRDA:35,0,3,3
BRDA:40,1,0,0
BRDA:40,1,1,1
BRDA:106,2,0,50
BRDA:106,2,1,100
BRDA:107,3,0,50
BRDA:107,3,1,100
BRDA:108,4,0,1
BRDA:108,4,1,49
BRDA:110,5,0,50
BRDA:110,5,1,100
BRDA:115,6,0,150
BRDA:115,6,1,50
BRDA:116,7,0,150
BRDA:116,7,1,50
BRDA:116,8,0,1
BRDA:116,8,1,49
BRDA:117,9,0,150
BRDA:117,9,1,50
BRDA:131,10,0,50
BRDA:131,10,1,48
BRDA:260,11,0,50
BRDA:260,11,1,1
BRDA:371,12,0,50
BRDA:371,12,1,1
BRDA:451,13,0,50
BRDA:451,13,1,31
BRF:30
BRH:29
end_of_record
TN:
SF:src\pages\HealthLogPage.tsx
FN:46,(anonymous_0)
FN:52,HealthLogPage
FN:61,(anonymous_2)
FN:63,(anonymous_3)
FN:71,(anonymous_4)
FN:101,(anonymous_5)
FN:121,(anonymous_6)
FN:158,(anonymous_7)
FN:180,(anonymous_8)
FN:238,(anonymous_9)
FN:245,(anonymous_10)
FN:257,(anonymous_11)
FN:273,(anonymous_12)
FN:273,(anonymous_13)
FN:294,(anonymous_14)
FN:294,(anonymous_15)
FN:303,(anonymous_16)
FN:317,(anonymous_17)
FN:317,(anonymous_18)
FN:325,(anonymous_19)
FNF:20
FNH:17
FNDA:615,(anonymous_0)
FNDA:102,HealthLogPage
FNDA:2,(anonymous_2)
FNDA:1,(anonymous_3)
FNDA:2,(anonymous_4)
FNDA:4,(anonymous_5)
FNDA:205,(anonymous_6)
FNDA:615,(anonymous_7)
FNDA:410,(anonymous_8)
FNDA:0,(anonymous_9)
FNDA:13,(anonymous_10)
FNDA:460,(anonymous_11)
FNDA:87,(anonymous_12)
FNDA:87,(anonymous_13)
FNDA:1,(anonymous_14)
FNDA:1,(anonymous_15)
FNDA:276,(anonymous_16)
FNDA:0,(anonymous_17)
FNDA:0,(anonymous_18)
FNDA:1,(anonymous_19)
DA:17,2
DA:40,2
DA:46,2
DA:47,615
DA:48,410
DA:49,205
DA:53,102
DA:54,102
DA:55,102
DA:61,102
DA:62,2
DA:63,1
DA:71,2
DA:75,1
DA:78,102
DA:101,4
DA:122,205
DA:123,205
DA:159,615
DA:160,615
DA:161,615
DA:181,410
DA:238,0
DA:245,13
DA:258,460
DA:273,87
DA:294,1
DA:304,276
DA:317,0
DA:325,1
LF:30
LH:28
BRDA:47,0,0,205
BRDA:47,0,1,410
BRDA:48,1,0,205
BRDA:48,1,1,205
BRDA:62,2,0,1
BRDA:62,2,1,1
BRDA:176,3,0,205
BRDA:176,3,1,205
BRDA:232,4,0,102
BRDA:232,4,1,92
BRF:10
BRH:10
end_of_record
TN:
SF:src\pages\LandingPage.tsx
FN:4,LandingPage
FN:96,(anonymous_1)
FN:125,(anonymous_2)
FNF:3
FNH:3
FNDA:6,LandingPage
FNDA:36,(anonymous_1)
FNDA:36,(anonymous_2)
DA:5,6
DA:14,6
DA:23,6
DA:97,36
DA:126,36
DA:127,36
DA:135,36
LF:7
LH:7
BRF:0
BRH:0
end_of_record
TN:
SF:src\pages\MedicationsPage.tsx
FN:44,MedicationsPage
FN:56,(anonymous_1)
FN:63,(anonymous_2)
FN:65,(anonymous_3)
FN:67,(anonymous_4)
FN:75,(anonymous_5)
FN:83,(anonymous_6)
FN:83,(anonymous_7)
FN:83,(anonymous_8)
FN:127,(anonymous_9)
FN:145,(anonymous_10)
FN:167,(anonymous_11)
FN:183,(anonymous_12)
FN:205,(anonymous_13)
FN:249,(anonymous_14)
FN:295,(anonymous_15)
FN:320,(anonymous_16)
FN:328,(anonymous_17)
FN:342,(anonymous_18)
FN:358,(anonymous_19)
FN:358,(anonymous_20)
FN:366,(anonymous_21)
FNF:22
FNH:21
FNDA:90,MedicationsPage
FNDA:180,(anonymous_1)
FNDA:85,(anonymous_2)
FNDA:2,(anonymous_3)
FNDA:1,(anonymous_4)
FNDA:1,(anonymous_5)
FNDA:1,(anonymous_6)
FNDA:1,(anonymous_7)
FNDA:2,(anonymous_8)
FNDA:7,(anonymous_9)
FNDA:1,(anonymous_10)
FNDA:1,(anonymous_11)
FNDA:4,(anonymous_12)
FNDA:173,(anonymous_13)
FNDA:339,(anonymous_14)
FNDA:1,(anonymous_15)
FNDA:0,(anonymous_16)
FNDA:10,(anonymous_17)
FNDA:476,(anonymous_18)
FNDA:64,(anonymous_19)
FNDA:64,(anonymous_20)
FNDA:1,(anonymous_21)
DA:17,2
DA:45,90
DA:46,90
DA:47,90
DA:48,90
DA:49,90
DA:50,90
DA:55,90
DA:58,180
DA:60,180
DA:61,180
DA:63,85
DA:65,90
DA:66,2
DA:67,1
DA:75,1
DA:79,1
DA:80,1
DA:83,90
DA:85,90
DA:127,7
DA:145,1
DA:167,1
DA:183,4
DA:206,173
DA:250,339
DA:295,1
DA:320,0
DA:328,10
DA:343,476
DA:358,64
DA:366,1
LF:32
LH:31
BRDA:58,0,0,180
BRDA:58,0,1,6
BRDA:60,1,0,180
BRDA:60,1,1,2
BRDA:61,2,0,180
BRDA:61,2,1,174
BRDA:63,3,0,85
BRDA:63,3,1,0
BRDA:66,4,0,1
BRDA:66,4,1,1
BRDA:70,5,0,1
BRDA:70,5,1,0
BRDA:314,6,0,90
BRDA:314,6,1,68
BRF:14
BRH:12
end_of_record
TN:
SF:src\pages\MessagesPage.tsx
FN:17,MessagesPage
FN:126,(anonymous_1)
FNF:2
FNH:2
FNDA:7,MessagesPage
FNDA:14,(anonymous_1)
DA:18,7
DA:45,7
DA:127,14
LF:3
LH:3
BRDA:130,0,0,7
BRDA:130,0,1,7
BRDA:131,1,0,7
BRDA:131,1,1,7
BRDA:152,2,0,14
BRDA:152,2,1,7
BRDA:160,3,0,14
BRDA:160,3,1,14
BRDA:217,4,0,14
BRDA:217,4,1,7
BRF:10
BRH:10
end_of_record
TN:
SF:src\pages\SignInPage.tsx
FN:5,SignInPage
FN:12,(anonymous_1)
FN:17,(anonymous_2)
FN:23,(anonymous_3)
FN:72,(anonymous_4)
FN:89,(anonymous_5)
FN:96,(anonymous_6)
FNF:7
FNH:7
FNDA:61,SignInPage
FNDA:1,(anonymous_1)
FNDA:1,(anonymous_2)
FNDA:1,(anonymous_3)
FNDA:36,(anonymous_4)
FNDA:16,(anonymous_5)
FNDA:1,(anonymous_6)
DA:6,61
DA:7,61
DA:8,61
DA:9,61
DA:10,61
DA:12,61
DA:13,1
DA:14,1
DA:17,1
DA:20,1
DA:23,61
DA:24,1
DA:25,1
DA:28,61
DA:72,36
DA:89,16
DA:96,1
LF:17
LH:17
BRDA:87,0,0,1
BRDA:87,0,1,60
BRDA:99,1,0,1
BRDA:99,1,1,60
BRDA:110,2,0,1
BRDA:110,2,1,60
BRF:6
BRH:6
end_of_record
