TN:
SF:src\App.tsx
FN:13,App
FNF:1
FNH:0
FNDA:0,App
DA:14,0
LF:1
LH:0
BRF:0
BRH:0
end_of_record
TN:
SF:src\jest-globals.d.ts
FNF:0
FNH:0
LF:0
LH:0
BRF:0
BRH:0
end_of_record
TN:
SF:src\test-utils.tsx
FN:5,renderWithRouter
FNF:1
FNH:0
FNDA:0,renderWithRouter
DA:9,0
LF:1
LH:0
BRDA:7,0,0,0
BRDA:7,1,0,0
BRF:2
BRH:0
end_of_record
TN:
SF:src\components\DashboardLayout.tsx
FN:4,DashboardLayout
FN:8,(anonymous_1)
FN:29,(anonymous_2)
FN:69,(anonymous_3)
FN:82,(anonymous_4)
FN:83,(anonymous_5)
FN:93,(anonymous_6)
FNF:7
FNH:0
FNDA:0,DashboardLayout
FNDA:0,(anonymous_1)
FNDA:0,(anonymous_2)
FNDA:0,(anonymous_3)
FNDA:0,(anonymous_4)
FNDA:0,(anonymous_5)
FNDA:0,(anonymous_6)
DA:5,0
DA:6,0
DA:8,0
DA:9,0
DA:10,0
DA:11,0
DA:12,0
DA:13,0
DA:14,0
DA:15,0
DA:16,0
DA:19,0
DA:28,0
DA:29,0
DA:32,0
DA:70,0
DA:82,0
DA:83,0
DA:93,0
LF:19
LH:0
BRDA:10,0,0,0
BRDA:10,0,1,0
BRDA:11,1,0,0
BRDA:11,1,1,0
BRDA:12,2,0,0
BRDA:12,2,1,0
BRDA:13,3,0,0
BRDA:13,3,1,0
BRDA:14,4,0,0
BRDA:14,4,1,0
BRDA:15,5,0,0
BRDA:15,5,1,0
BRDA:59,6,0,0
BRDA:59,6,1,0
BRDA:78,7,0,0
BRDA:78,7,1,0
BRDA:85,8,0,0
BRDA:85,8,1,0
BRF:18
BRH:0
end_of_record
TN:
SF:src\pages\AccountSettingsPage.tsx
FN:5,AccountSettingsPage
FN:39,(anonymous_1)
FN:44,(anonymous_2)
FN:46,(anonymous_3)
FN:51,(anonymous_4)
FN:51,(anonymous_5)
FN:51,(anonymous_6)
FN:53,(anonymous_7)
FN:55,(anonymous_8)
FN:94,(anonymous_9)
FN:105,(anonymous_10)
FN:128,(anonymous_11)
FN:131,(anonymous_12)
FN:168,(anonymous_13)
FN:186,(anonymous_14)
FN:203,(anonymous_15)
FN:234,(anonymous_16)
FN:252,(anonymous_17)
FN:294,(anonymous_18)
FN:328,(anonymous_19)
FN:391,(anonymous_20)
FN:405,(anonymous_21)
FN:405,(anonymous_22)
FN:413,(anonymous_23)
FN:444,(anonymous_24)
FN:448,(anonymous_25)
FN:460,(anonymous_26)
FN:472,(anonymous_27)
FN:472,(anonymous_28)
FN:478,(anonymous_29)
FN:500,(anonymous_30)
FN:504,(anonymous_31)
FN:514,(anonymous_32)
FN:527,(anonymous_33)
FN:527,(anonymous_34)
FN:533,(anonymous_35)
FNF:36
FNH:0
FNDA:0,AccountSettingsPage
FNDA:0,(anonymous_1)
FNDA:0,(anonymous_2)
FNDA:0,(anonymous_3)
FNDA:0,(anonymous_4)
FNDA:0,(anonymous_5)
FNDA:0,(anonymous_6)
FNDA:0,(anonymous_7)
FNDA:0,(anonymous_8)
FNDA:0,(anonymous_9)
FNDA:0,(anonymous_10)
FNDA:0,(anonymous_11)
FNDA:0,(anonymous_12)
FNDA:0,(anonymous_13)
FNDA:0,(anonymous_14)
FNDA:0,(anonymous_15)
FNDA:0,(anonymous_16)
FNDA:0,(anonymous_17)
FNDA:0,(anonymous_18)
FNDA:0,(anonymous_19)
FNDA:0,(anonymous_20)
FNDA:0,(anonymous_21)
FNDA:0,(anonymous_22)
FNDA:0,(anonymous_23)
FNDA:0,(anonymous_24)
FNDA:0,(anonymous_25)
FNDA:0,(anonymous_26)
FNDA:0,(anonymous_27)
FNDA:0,(anonymous_28)
FNDA:0,(anonymous_29)
FNDA:0,(anonymous_30)
FNDA:0,(anonymous_31)
FNDA:0,(anonymous_32)
FNDA:0,(anonymous_33)
FNDA:0,(anonymous_34)
FNDA:0,(anonymous_35)
DA:6,0
DA:7,0
DA:9,0
DA:17,0
DA:18,0
DA:20,0
DA:24,0
DA:25,0
DA:27,0
DA:32,0
DA:37,0
DA:39,0
DA:40,0
DA:41,0
DA:44,0
DA:45,0
DA:46,0
DA:47,0
DA:48,0
DA:51,0
DA:53,0
DA:54,0
DA:55,0
DA:58,0
DA:65,0
DA:94,0
DA:105,0
DA:129,0
DA:131,0
DA:168,0
DA:187,0
DA:204,0
DA:234,0
DA:253,0
DA:294,0
DA:329,0
DA:392,0
DA:405,0
DA:413,0
DA:444,0
DA:448,0
DA:461,0
DA:472,0
DA:478,0
DA:500,0
DA:504,0
DA:515,0
DA:527,0
DA:533,0
LF:49
LH:0
BRDA:45,0,0,0
BRDA:45,0,1,0
BRDA:137,1,0,0
BRDA:137,1,1,0
BRDA:138,2,0,0
BRDA:138,2,1,0
BRDA:139,3,0,0
BRDA:139,3,1,0
BRDA:155,4,0,0
BRDA:155,4,1,0
BRDA:221,5,0,0
BRDA:221,5,1,0
BRDA:246,6,0,0
BRDA:246,6,1,0
BRDA:316,7,0,0
BRDA:316,7,1,0
BRDA:375,8,0,0
BRDA:375,8,1,0
BRDA:397,9,0,0
BRDA:397,9,1,0
BRDA:424,10,0,0
BRDA:424,10,1,0
BRDA:431,11,0,0
BRDA:431,11,1,0
BRDA:441,12,0,0
BRDA:441,12,1,0
BRDA:497,13,0,0
BRDA:497,13,1,0
BRF:28
BRH:0
end_of_record
TN:
SF:src\pages\AppointmentsPage.tsx
FN:23,AppointmentsPage
FN:35,(anonymous_1)
FN:43,(anonymous_2)
FN:49,(anonymous_3)
FN:49,(anonymous_4)
FN:49,(anonymous_5)
FN:51,(anonymous_6)
FN:53,(anonymous_7)
FN:100,(anonymous_8)
FN:116,(anonymous_9)
FN:134,(anonymous_10)
FN:150,(anonymous_11)
FN:180,(anonymous_12)
FN:297,(anonymous_13)
FN:322,(anonymous_14)
FN:329,(anonymous_15)
FN:344,(anonymous_16)
FN:360,(anonymous_17)
FN:360,(anonymous_18)
FN:380,(anonymous_19)
FN:380,(anonymous_20)
FN:389,(anonymous_21)
FNF:22
FNH:0
FNDA:0,AppointmentsPage
FNDA:0,(anonymous_1)
FNDA:0,(anonymous_2)
FNDA:0,(anonymous_3)
FNDA:0,(anonymous_4)
FNDA:0,(anonymous_5)
FNDA:0,(anonymous_6)
FNDA:0,(anonymous_7)
FNDA:0,(anonymous_8)
FNDA:0,(anonymous_9)
FNDA:0,(anonymous_10)
FNDA:0,(anonymous_11)
FNDA:0,(anonymous_12)
FNDA:0,(anonymous_13)
FNDA:0,(anonymous_14)
FNDA:0,(anonymous_15)
FNDA:0,(anonymous_16)
FNDA:0,(anonymous_17)
FNDA:0,(anonymous_18)
FNDA:0,(anonymous_19)
FNDA:0,(anonymous_20)
FNDA:0,(anonymous_21)
DA:17,0
DA:24,0
DA:25,0
DA:26,0
DA:27,0
DA:28,0
DA:29,0
DA:34,0
DA:36,0
DA:37,0
DA:44,0
DA:49,0
DA:51,0
DA:52,0
DA:53,0
DA:54,0
DA:55,0
DA:58,0
DA:100,0
DA:116,0
DA:134,0
DA:150,0
DA:181,0
DA:297,0
DA:322,0
DA:329,0
DA:345,0
DA:360,0
DA:380,0
DA:389,0
LF:30
LH:0
BRDA:37,0,0,0
BRDA:37,0,1,0
BRDA:37,0,2,0
BRDA:37,0,3,0
BRDA:37,0,4,0
BRDA:44,1,0,0
BRDA:44,1,1,0
BRDA:45,2,0,0
BRDA:45,2,1,0
BRDA:52,3,0,0
BRDA:52,3,1,0
BRDA:174,4,0,0
BRDA:174,4,1,0
BRDA:182,5,0,0
BRDA:182,5,1,0
BRDA:183,6,0,0
BRDA:183,6,1,0
BRDA:194,7,0,0
BRDA:194,7,1,0
BRDA:316,8,0,0
BRDA:316,8,1,0
BRF:21
BRH:0
end_of_record
TN:
SF:src\pages\DashboardPage.tsx
FN:4,DashboardPage
FN:44,(anonymous_1)
FN:52,(anonymous_2)
FN:78,(anonymous_3)
FN:81,(anonymous_4)
FN:97,(anonymous_5)
FN:101,(anonymous_6)
FN:179,(anonymous_7)
FN:194,(anonymous_8)
FN:302,(anonymous_9)
FNF:10
FNH:0
FNDA:0,DashboardPage
FNDA:0,(anonymous_1)
FNDA:0,(anonymous_2)
FNDA:0,(anonymous_3)
FNDA:0,(anonymous_4)
FNDA:0,(anonymous_5)
FNDA:0,(anonymous_6)
FNDA:0,(anonymous_7)
FNDA:0,(anonymous_8)
FNDA:0,(anonymous_9)
DA:5,0
DA:7,0
DA:15,0
DA:21,0
DA:44,0
DA:52,0
DA:79,0
DA:81,0
DA:98,0
DA:99,0
DA:102,0
DA:103,0
DA:179,0
DA:195,0
DA:303,0
LF:15
LH:0
BRDA:107,0,0,0
BRDA:107,0,1,0
BRDA:205,1,0,0
BRDA:205,1,1,0
BRF:4
BRH:0
end_of_record
TN:
SF:src\pages\EmergencyPage.tsx
FN:23,EmergencyPage
FN:33,(anonymous_1)
FN:39,(anonymous_2)
FN:41,(anonymous_3)
FN:46,(anonymous_4)
FN:46,(anonymous_5)
FN:46,(anonymous_6)
FN:100,(anonymous_7)
FN:103,(anonymous_8)
FN:147,(anonymous_9)
FN:163,(anonymous_10)
FN:177,(anonymous_11)
FN:190,(anonymous_12)
FN:235,(anonymous_13)
FN:278,(anonymous_14)
FN:319,(anonymous_15)
FN:352,(anonymous_16)
FN:395,(anonymous_17)
FN:416,(anonymous_18)
FN:439,(anonymous_19)
FN:454,(anonymous_20)
FN:458,(anonymous_21)
FN:467,(anonymous_22)
FN:479,(anonymous_23)
FN:479,(anonymous_24)
FN:494,(anonymous_25)
FN:494,(anonymous_26)
FN:502,(anonymous_27)
FNF:28
FNH:0
FNDA:0,EmergencyPage
FNDA:0,(anonymous_1)
FNDA:0,(anonymous_2)
FNDA:0,(anonymous_3)
FNDA:0,(anonymous_4)
FNDA:0,(anonymous_5)
FNDA:0,(anonymous_6)
FNDA:0,(anonymous_7)
FNDA:0,(anonymous_8)
FNDA:0,(anonymous_9)
FNDA:0,(anonymous_10)
FNDA:0,(anonymous_11)
FNDA:0,(anonymous_12)
FNDA:0,(anonymous_13)
FNDA:0,(anonymous_14)
FNDA:0,(anonymous_15)
FNDA:0,(anonymous_16)
FNDA:0,(anonymous_17)
FNDA:0,(anonymous_18)
FNDA:0,(anonymous_19)
FNDA:0,(anonymous_20)
FNDA:0,(anonymous_21)
FNDA:0,(anonymous_22)
FNDA:0,(anonymous_23)
FNDA:0,(anonymous_24)
FNDA:0,(anonymous_25)
FNDA:0,(anonymous_26)
FNDA:0,(anonymous_27)
DA:12,0
DA:18,0
DA:24,0
DA:25,0
DA:26,0
DA:27,0
DA:28,0
DA:29,0
DA:33,0
DA:34,0
DA:35,0
DA:39,0
DA:40,0
DA:41,0
DA:42,0
DA:43,0
DA:46,0
DA:48,0
DA:101,0
DA:103,0
DA:147,0
DA:163,0
DA:177,0
DA:191,0
DA:192,0
DA:235,0
DA:279,0
DA:320,0
DA:353,0
DA:396,0
DA:417,0
DA:440,0
DA:454,0
DA:458,0
DA:468,0
DA:479,0
DA:494,0
DA:502,0
LF:38
LH:0
BRDA:35,0,0,0
BRDA:35,0,1,0
BRDA:35,0,2,0
BRDA:35,0,3,0
BRDA:40,1,0,0
BRDA:40,1,1,0
BRDA:106,2,0,0
BRDA:106,2,1,0
BRDA:107,3,0,0
BRDA:107,3,1,0
BRDA:108,4,0,0
BRDA:108,4,1,0
BRDA:110,5,0,0
BRDA:110,5,1,0
BRDA:115,6,0,0
BRDA:115,6,1,0
BRDA:116,7,0,0
BRDA:116,7,1,0
BRDA:116,8,0,0
BRDA:116,8,1,0
BRDA:117,9,0,0
BRDA:117,9,1,0
BRDA:131,10,0,0
BRDA:131,10,1,0
BRDA:260,11,0,0
BRDA:260,11,1,0
BRDA:371,12,0,0
BRDA:371,12,1,0
BRDA:451,13,0,0
BRDA:451,13,1,0
BRF:30
BRH:0
end_of_record
TN:
SF:src\pages\HealthLogPage.tsx
FN:46,(anonymous_0)
FN:52,HealthLogPage
FN:61,(anonymous_2)
FN:63,(anonymous_3)
FN:71,(anonymous_4)
FN:101,(anonymous_5)
FN:121,(anonymous_6)
FN:158,(anonymous_7)
FN:180,(anonymous_8)
FN:238,(anonymous_9)
FN:245,(anonymous_10)
FN:257,(anonymous_11)
FN:273,(anonymous_12)
FN:273,(anonymous_13)
FN:294,(anonymous_14)
FN:294,(anonymous_15)
FN:303,(anonymous_16)
FN:317,(anonymous_17)
FN:317,(anonymous_18)
FN:325,(anonymous_19)
FNF:20
FNH:0
FNDA:0,(anonymous_0)
FNDA:0,HealthLogPage
FNDA:0,(anonymous_2)
FNDA:0,(anonymous_3)
FNDA:0,(anonymous_4)
FNDA:0,(anonymous_5)
FNDA:0,(anonymous_6)
FNDA:0,(anonymous_7)
FNDA:0,(anonymous_8)
FNDA:0,(anonymous_9)
FNDA:0,(anonymous_10)
FNDA:0,(anonymous_11)
FNDA:0,(anonymous_12)
FNDA:0,(anonymous_13)
FNDA:0,(anonymous_14)
FNDA:0,(anonymous_15)
FNDA:0,(anonymous_16)
FNDA:0,(anonymous_17)
FNDA:0,(anonymous_18)
FNDA:0,(anonymous_19)
DA:17,0
DA:40,0
DA:46,0
DA:47,0
DA:48,0
DA:49,0
DA:53,0
DA:54,0
DA:55,0
DA:61,0
DA:62,0
DA:63,0
DA:71,0
DA:75,0
DA:78,0
DA:101,0
DA:122,0
DA:123,0
DA:159,0
DA:160,0
DA:161,0
DA:181,0
DA:238,0
DA:245,0
DA:258,0
DA:273,0
DA:294,0
DA:304,0
DA:317,0
DA:325,0
LF:30
LH:0
BRDA:47,0,0,0
BRDA:47,0,1,0
BRDA:48,1,0,0
BRDA:48,1,1,0
BRDA:62,2,0,0
BRDA:62,2,1,0
BRDA:176,3,0,0
BRDA:176,3,1,0
BRDA:232,4,0,0
BRDA:232,4,1,0
BRF:10
BRH:0
end_of_record
TN:
SF:src\pages\LandingPage.tsx
FN:4,LandingPage
FN:96,(anonymous_1)
FN:125,(anonymous_2)
FNF:3
FNH:0
FNDA:0,LandingPage
FNDA:0,(anonymous_1)
FNDA:0,(anonymous_2)
DA:5,0
DA:14,0
DA:23,0
DA:97,0
DA:126,0
DA:127,0
DA:135,0
LF:7
LH:0
BRF:0
BRH:0
end_of_record
TN:
SF:src\pages\MedicationsPage.tsx
FN:44,MedicationsPage
FN:56,(anonymous_1)
FN:63,(anonymous_2)
FN:65,(anonymous_3)
FN:67,(anonymous_4)
FN:75,(anonymous_5)
FN:83,(anonymous_6)
FN:83,(anonymous_7)
FN:83,(anonymous_8)
FN:127,(anonymous_9)
FN:145,(anonymous_10)
FN:167,(anonymous_11)
FN:183,(anonymous_12)
FN:205,(anonymous_13)
FN:249,(anonymous_14)
FN:295,(anonymous_15)
FN:320,(anonymous_16)
FN:328,(anonymous_17)
FN:342,(anonymous_18)
FN:358,(anonymous_19)
FN:358,(anonymous_20)
FN:366,(anonymous_21)
FNF:22
FNH:0
FNDA:0,MedicationsPage
FNDA:0,(anonymous_1)
FNDA:0,(anonymous_2)
FNDA:0,(anonymous_3)
FNDA:0,(anonymous_4)
FNDA:0,(anonymous_5)
FNDA:0,(anonymous_6)
FNDA:0,(anonymous_7)
FNDA:0,(anonymous_8)
FNDA:0,(anonymous_9)
FNDA:0,(anonymous_10)
FNDA:0,(anonymous_11)
FNDA:0,(anonymous_12)
FNDA:0,(anonymous_13)
FNDA:0,(anonymous_14)
FNDA:0,(anonymous_15)
FNDA:0,(anonymous_16)
FNDA:0,(anonymous_17)
FNDA:0,(anonymous_18)
FNDA:0,(anonymous_19)
FNDA:0,(anonymous_20)
FNDA:0,(anonymous_21)
DA:17,0
DA:45,0
DA:46,0
DA:47,0
DA:48,0
DA:49,0
DA:50,0
DA:55,0
DA:58,0
DA:60,0
DA:61,0
DA:63,0
DA:65,0
DA:66,0
DA:67,0
DA:75,0
DA:79,0
DA:80,0
DA:83,0
DA:85,0
DA:127,0
DA:145,0
DA:167,0
DA:183,0
DA:206,0
DA:250,0
DA:295,0
DA:320,0
DA:328,0
DA:343,0
DA:358,0
DA:366,0
LF:32
LH:0
BRDA:58,0,0,0
BRDA:58,0,1,0
BRDA:60,1,0,0
BRDA:60,1,1,0
BRDA:61,2,0,0
BRDA:61,2,1,0
BRDA:63,3,0,0
BRDA:63,3,1,0
BRDA:66,4,0,0
BRDA:66,4,1,0
BRDA:70,5,0,0
BRDA:70,5,1,0
BRDA:314,6,0,0
BRDA:314,6,1,0
BRF:14
BRH:0
end_of_record
TN:
SF:src\pages\MessagesPage.tsx
FN:17,MessagesPage
FN:126,(anonymous_1)
FNF:2
FNH:0
FNDA:0,MessagesPage
FNDA:0,(anonymous_1)
DA:18,0
DA:45,0
DA:127,0
LF:3
LH:0
BRDA:130,0,0,0
BRDA:130,0,1,0
BRDA:131,1,0,0
BRDA:131,1,1,0
BRDA:152,2,0,0
BRDA:152,2,1,0
BRDA:160,3,0,0
BRDA:160,3,1,0
BRDA:217,4,0,0
BRDA:217,4,1,0
BRF:10
BRH:0
end_of_record
TN:
SF:src\pages\SignInPage.tsx
FN:5,SignInPage
FN:12,(anonymous_1)
FN:17,(anonymous_2)
FN:23,(anonymous_3)
FN:72,(anonymous_4)
FN:89,(anonymous_5)
FN:96,(anonymous_6)
FNF:7
FNH:0
FNDA:0,SignInPage
FNDA:0,(anonymous_1)
FNDA:0,(anonymous_2)
FNDA:0,(anonymous_3)
FNDA:0,(anonymous_4)
FNDA:0,(anonymous_5)
FNDA:0,(anonymous_6)
DA:6,0
DA:7,0
DA:8,0
DA:9,0
DA:10,0
DA:12,0
DA:13,0
DA:14,0
DA:17,0
DA:20,0
DA:23,0
DA:24,0
DA:25,0
DA:28,0
DA:72,0
DA:89,0
DA:96,0
LF:17
LH:0
BRDA:87,0,0,0
BRDA:87,0,1,0
BRDA:99,1,0,0
BRDA:99,1,1,0
BRDA:110,2,0,0
BRDA:110,2,1,0
BRF:6
BRH:0
end_of_record
